{"/Users/mateuszwlodarczyk/Downloads/projects/boatsStats/packages/backend/src/api/RepositoryService.ts": {"path":"/Users/mateuszwlodarczyk/Downloads/projects/boatsStats/packages/backend/src/api/RepositoryService.ts","all":false,"statementMap":{"0":{"start":{"line":1,"column":0},"end":{"line":1,"column":85}},"1":{"start":{"line":2,"column":0},"end":{"line":2,"column":32}},"2":{"start":{"line":3,"column":0},"end":{"line":3,"column":33}},"4":{"start":{"line":5,"column":0},"end":{"line":5,"column":57}},"5":{"start":{"line":6,"column":0},"end":{"line":6,"column":57}},"6":{"start":{"line":7,"column":0},"end":{"line":7,"column":3}},"9":{"start":{"line":10,"column":0},"end":{"line":10,"column":21}},"10":{"start":{"line":11,"column":0},"end":{"line":11,"column":28}},"11":{"start":{"line":12,"column":0},"end":{"line":12,"column":3}},"14":{"start":{"line":15,"column":0},"end":{"line":15,"column":25}},"15":{"start":{"line":16,"column":0},"end":{"line":16,"column":23}},"16":{"start":{"line":17,"column":0},"end":{"line":17,"column":3}},"19":{"start":{"line":20,"column":0},"end":{"line":20,"column":25}},"20":{"start":{"line":21,"column":0},"end":{"line":21,"column":22}},"21":{"start":{"line":22,"column":0},"end":{"line":22,"column":30}},"22":{"start":{"line":23,"column":0},"end":{"line":23,"column":53}},"23":{"start":{"line":24,"column":0},"end":{"line":24,"column":66}},"24":{"start":{"line":25,"column":0},"end":{"line":25,"column":64}},"26":{"start":{"line":27,"column":0},"end":{"line":27,"column":21}},"27":{"start":{"line":28,"column":0},"end":{"line":28,"column":41}},"28":{"start":{"line":29,"column":0},"end":{"line":29,"column":60}},"29":{"start":{"line":30,"column":0},"end":{"line":30,"column":9}},"30":{"start":{"line":31,"column":0},"end":{"line":31,"column":5}},"32":{"start":{"line":33,"column":0},"end":{"line":33,"column":40}},"33":{"start":{"line":34,"column":0},"end":{"line":34,"column":40}},"34":{"start":{"line":35,"column":0},"end":{"line":35,"column":3}},"37":{"start":{"line":38,"column":0},"end":{"line":38,"column":43}},"38":{"start":{"line":39,"column":0},"end":{"line":39,"column":22}},"39":{"start":{"line":40,"column":0},"end":{"line":40,"column":26}},"40":{"start":{"line":41,"column":0},"end":{"line":41,"column":17}},"41":{"start":{"line":42,"column":0},"end":{"line":42,"column":20}},"42":{"start":{"line":43,"column":0},"end":{"line":43,"column":66}},"43":{"start":{"line":44,"column":0},"end":{"line":44,"column":110}},"44":{"start":{"line":45,"column":0},"end":{"line":45,"column":27}},"45":{"start":{"line":46,"column":0},"end":{"line":46,"column":3}},"47":{"start":{"line":48,"column":0},"end":{"line":48,"column":121}},"48":{"start":{"line":49,"column":0},"end":{"line":49,"column":92}},"49":{"start":{"line":50,"column":0},"end":{"line":50,"column":27}},"50":{"start":{"line":51,"column":0},"end":{"line":51,"column":3}},"53":{"start":{"line":54,"column":0},"end":{"line":54,"column":25}},"54":{"start":{"line":55,"column":0},"end":{"line":55,"column":22}},"55":{"start":{"line":56,"column":0},"end":{"line":56,"column":30}},"56":{"start":{"line":57,"column":0},"end":{"line":57,"column":26}},"57":{"start":{"line":58,"column":0},"end":{"line":58,"column":24}},"58":{"start":{"line":59,"column":0},"end":{"line":59,"column":29}},"59":{"start":{"line":60,"column":0},"end":{"line":60,"column":66}},"60":{"start":{"line":61,"column":0},"end":{"line":61,"column":45}},"61":{"start":{"line":62,"column":0},"end":{"line":62,"column":22}},"62":{"start":{"line":63,"column":0},"end":{"line":63,"column":58}},"63":{"start":{"line":64,"column":0},"end":{"line":64,"column":40}},"64":{"start":{"line":65,"column":0},"end":{"line":65,"column":16}},"65":{"start":{"line":66,"column":0},"end":{"line":66,"column":27}},"66":{"start":{"line":67,"column":0},"end":{"line":67,"column":3}},"67":{"start":{"line":68,"column":0},"end":{"line":68,"column":1}}},"s":{"0":1,"1":1,"2":0,"4":0,"5":0,"6":0,"9":0,"10":0,"11":0,"14":0,"15":0,"16":0,"19":0,"20":0,"21":0,"22":0,"23":0,"24":0,"26":0,"27":0,"28":0,"29":0,"30":0,"32":0,"33":0,"34":0,"37":0,"38":0,"39":0,"40":0,"41":0,"42":0,"43":0,"44":0,"45":0,"47":0,"48":0,"49":0,"50":0,"53":0,"54":0,"55":0,"56":0,"57":0,"58":0,"59":0,"60":0,"61":0,"62":0,"63":0,"64":0,"65":0,"66":0,"67":0},"branchMap":{},"b":{},"fnMap":{"0":{"name":"<instance_members_initializer>","decl":{"start":{"line":2,"column":7},"end":{"line":68,"column":1}},"loc":{"start":{"line":2,"column":7},"end":{"line":68,"column":1}},"line":2}},"f":{"0":0}}
,"/Users/mateuszwlodarczyk/Downloads/projects/boatsStats/packages/backend/src/api/boats.ts": {"path":"/Users/mateuszwlodarczyk/Downloads/projects/boatsStats/packages/backend/src/api/boats.ts","all":true,"statementMap":{"0":{"start":{"line":1,"column":0},"end":{"line":1,"column":53}},"1":{"start":{"line":2,"column":0},"end":{"line":2,"column":73}},"3":{"start":{"line":4,"column":0},"end":{"line":4,"column":43}},"4":{"start":{"line":5,"column":0},"end":{"line":5,"column":43}},"5":{"start":{"line":6,"column":0},"end":{"line":6,"column":53}},"7":{"start":{"line":8,"column":0},"end":{"line":8,"column":47}},"8":{"start":{"line":9,"column":0},"end":{"line":9,"column":26}},"9":{"start":{"line":10,"column":0},"end":{"line":10,"column":3}},"11":{"start":{"line":12,"column":0},"end":{"line":12,"column":104}},"13":{"start":{"line":14,"column":0},"end":{"line":14,"column":72}},"14":{"start":{"line":15,"column":0},"end":{"line":15,"column":19}}},"s":{"0":0,"1":0,"3":0,"4":0,"5":0,"7":0,"8":0,"9":0,"11":0,"13":0,"14":0},"branchMap":{"0":{"type":"branch","line":1,"loc":{"start":{"line":1,"column":691},"end":{"line":15,"column":19}},"locations":[{"start":{"line":1,"column":691},"end":{"line":15,"column":19}}]}},"b":{"0":[0]},"fnMap":{"0":{"name":"(empty-report)","decl":{"start":{"line":1,"column":691},"end":{"line":15,"column":19}},"loc":{"start":{"line":1,"column":691},"end":{"line":15,"column":19}},"line":1}},"f":{"0":0}}
,"/Users/mateuszwlodarczyk/Downloads/projects/boatsStats/packages/backend/src/api/index.ts": {"path":"/Users/mateuszwlodarczyk/Downloads/projects/boatsStats/packages/backend/src/api/index.ts","all":true,"statementMap":{"0":{"start":{"line":1,"column":0},"end":{"line":1,"column":77}},"2":{"start":{"line":3,"column":0},"end":{"line":3,"column":25}},"3":{"start":{"line":4,"column":0},"end":{"line":4,"column":39}},"4":{"start":{"line":5,"column":0},"end":{"line":5,"column":33}},"5":{"start":{"line":6,"column":0},"end":{"line":6,"column":48}},"7":{"start":{"line":8,"column":0},"end":{"line":8,"column":61}},"8":{"start":{"line":9,"column":0},"end":{"line":9,"column":39}},"9":{"start":{"line":10,"column":0},"end":{"line":10,"column":14}},"10":{"start":{"line":11,"column":0},"end":{"line":11,"column":43}},"11":{"start":{"line":12,"column":0},"end":{"line":12,"column":16}},"12":{"start":{"line":13,"column":0},"end":{"line":13,"column":7}},"15":{"start":{"line":16,"column":0},"end":{"line":16,"column":48}},"16":{"start":{"line":17,"column":0},"end":{"line":17,"column":19}},"17":{"start":{"line":18,"column":0},"end":{"line":18,"column":101}},"18":{"start":{"line":19,"column":0},"end":{"line":19,"column":22}},"19":{"start":{"line":20,"column":0},"end":{"line":20,"column":8}},"20":{"start":{"line":21,"column":0},"end":{"line":21,"column":18}},"21":{"start":{"line":22,"column":0},"end":{"line":22,"column":60}},"22":{"start":{"line":23,"column":0},"end":{"line":23,"column":37}},"23":{"start":{"line":24,"column":0},"end":{"line":24,"column":8}},"24":{"start":{"line":25,"column":0},"end":{"line":25,"column":6}},"27":{"start":{"line":28,"column":0},"end":{"line":28,"column":49}},"28":{"start":{"line":29,"column":0},"end":{"line":29,"column":21}},"29":{"start":{"line":30,"column":0},"end":{"line":30,"column":97}},"30":{"start":{"line":31,"column":0},"end":{"line":31,"column":24}},"31":{"start":{"line":32,"column":0},"end":{"line":32,"column":8}},"32":{"start":{"line":33,"column":0},"end":{"line":33,"column":18}},"33":{"start":{"line":34,"column":0},"end":{"line":34,"column":69}},"34":{"start":{"line":35,"column":0},"end":{"line":35,"column":37}},"35":{"start":{"line":36,"column":0},"end":{"line":36,"column":8}},"36":{"start":{"line":37,"column":0},"end":{"line":37,"column":6}},"37":{"start":{"line":38,"column":0},"end":{"line":38,"column":3}},"39":{"start":{"line":40,"column":0},"end":{"line":40,"column":50}},"40":{"start":{"line":41,"column":0},"end":{"line":41,"column":61}},"41":{"start":{"line":42,"column":0},"end":{"line":42,"column":3}},"43":{"start":{"line":44,"column":0},"end":{"line":44,"column":98}},"44":{"start":{"line":45,"column":0},"end":{"line":45,"column":9}},"45":{"start":{"line":46,"column":0},"end":{"line":46,"column":31}},"46":{"start":{"line":47,"column":0},"end":{"line":47,"column":21}},"47":{"start":{"line":48,"column":0},"end":{"line":48,"column":45}},"50":{"start":{"line":51,"column":0},"end":{"line":51,"column":25}},"51":{"start":{"line":52,"column":0},"end":{"line":52,"column":56}},"52":{"start":{"line":53,"column":0},"end":{"line":53,"column":63}},"53":{"start":{"line":54,"column":0},"end":{"line":54,"column":67}},"54":{"start":{"line":55,"column":0},"end":{"line":55,"column":67}},"55":{"start":{"line":56,"column":0},"end":{"line":56,"column":92}},"57":{"start":{"line":58,"column":0},"end":{"line":58,"column":56}},"58":{"start":{"line":59,"column":0},"end":{"line":59,"column":113}},"59":{"start":{"line":60,"column":0},"end":{"line":60,"column":91}},"60":{"start":{"line":61,"column":0},"end":{"line":61,"column":60}},"61":{"start":{"line":62,"column":0},"end":{"line":62,"column":7}},"63":{"start":{"line":64,"column":0},"end":{"line":64,"column":18}},"64":{"start":{"line":65,"column":0},"end":{"line":65,"column":5}},"65":{"start":{"line":66,"column":0},"end":{"line":66,"column":3}},"68":{"start":{"line":69,"column":0},"end":{"line":69,"column":77}},"69":{"start":{"line":70,"column":0},"end":{"line":70,"column":42}},"70":{"start":{"line":71,"column":0},"end":{"line":71,"column":68}},"71":{"start":{"line":72,"column":0},"end":{"line":72,"column":27}},"72":{"start":{"line":73,"column":0},"end":{"line":73,"column":7}},"73":{"start":{"line":74,"column":0},"end":{"line":74,"column":3}},"76":{"start":{"line":77,"column":0},"end":{"line":77,"column":90}},"77":{"start":{"line":78,"column":0},"end":{"line":78,"column":42}},"78":{"start":{"line":79,"column":0},"end":{"line":79,"column":75}},"79":{"start":{"line":80,"column":0},"end":{"line":80,"column":27}},"80":{"start":{"line":81,"column":0},"end":{"line":81,"column":7}},"81":{"start":{"line":82,"column":0},"end":{"line":82,"column":3}},"84":{"start":{"line":85,"column":0},"end":{"line":85,"column":89}},"85":{"start":{"line":86,"column":0},"end":{"line":86,"column":42}},"86":{"start":{"line":87,"column":0},"end":{"line":87,"column":74}},"87":{"start":{"line":88,"column":0},"end":{"line":88,"column":27}},"88":{"start":{"line":89,"column":0},"end":{"line":89,"column":7}},"89":{"start":{"line":90,"column":0},"end":{"line":90,"column":3}},"92":{"start":{"line":93,"column":0},"end":{"line":93,"column":80}},"93":{"start":{"line":94,"column":0},"end":{"line":94,"column":42}},"94":{"start":{"line":95,"column":0},"end":{"line":95,"column":71}},"95":{"start":{"line":96,"column":0},"end":{"line":96,"column":27}},"96":{"start":{"line":97,"column":0},"end":{"line":97,"column":7}},"97":{"start":{"line":98,"column":0},"end":{"line":98,"column":3}},"100":{"start":{"line":101,"column":0},"end":{"line":101,"column":91}},"101":{"start":{"line":102,"column":0},"end":{"line":102,"column":42}},"102":{"start":{"line":103,"column":0},"end":{"line":103,"column":76}},"103":{"start":{"line":104,"column":0},"end":{"line":104,"column":27}},"104":{"start":{"line":105,"column":0},"end":{"line":105,"column":7}},"105":{"start":{"line":106,"column":0},"end":{"line":106,"column":3}},"106":{"start":{"line":107,"column":0},"end":{"line":107,"column":1}}},"s":{"0":0,"2":0,"3":0,"4":0,"5":0,"7":0,"8":0,"9":0,"10":0,"11":0,"12":0,"15":0,"16":0,"17":0,"18":0,"19":0,"20":0,"21":0,"22":0,"23":0,"24":0,"27":0,"28":0,"29":0,"30":0,"31":0,"32":0,"33":0,"34":0,"35":0,"36":0,"37":0,"39":0,"40":0,"41":0,"43":0,"44":0,"45":0,"46":0,"47":0,"50":0,"51":0,"52":0,"53":0,"54":0,"55":0,"57":0,"58":0,"59":0,"60":0,"61":0,"63":0,"64":0,"65":0,"68":0,"69":0,"70":0,"71":0,"72":0,"73":0,"76":0,"77":0,"78":0,"79":0,"80":0,"81":0,"84":0,"85":0,"86":0,"87":0,"88":0,"89":0,"92":0,"93":0,"94":0,"95":0,"96":0,"97":0,"100":0,"101":0,"102":0,"103":0,"104":0,"105":0,"106":0},"branchMap":{"0":{"type":"branch","line":1,"loc":{"start":{"line":1,"column":3577},"end":{"line":107,"column":1}},"locations":[{"start":{"line":1,"column":3577},"end":{"line":107,"column":1}}]}},"b":{"0":[0]},"fnMap":{"0":{"name":"(empty-report)","decl":{"start":{"line":1,"column":3577},"end":{"line":107,"column":1}},"loc":{"start":{"line":1,"column":3577},"end":{"line":107,"column":1}},"line":1}},"f":{"0":0}}
,"/Users/mateuszwlodarczyk/Downloads/projects/boatsStats/packages/backend/src/config/constans.ts": {"path":"/Users/mateuszwlodarczyk/Downloads/projects/boatsStats/packages/backend/src/config/constans.ts","all":false,"statementMap":{"0":{"start":{"line":1,"column":0},"end":{"line":1,"column":48}},"1":{"start":{"line":2,"column":0},"end":{"line":2,"column":50}},"2":{"start":{"line":3,"column":0},"end":{"line":3,"column":136}},"3":{"start":{"line":4,"column":0},"end":{"line":4,"column":70}},"4":{"start":{"line":5,"column":0},"end":{"line":5,"column":39}},"5":{"start":{"line":6,"column":0},"end":{"line":6,"column":39}},"6":{"start":{"line":7,"column":0},"end":{"line":7,"column":29}},"7":{"start":{"line":8,"column":0},"end":{"line":8,"column":9}},"8":{"start":{"line":9,"column":0},"end":{"line":9,"column":16}},"9":{"start":{"line":10,"column":0},"end":{"line":10,"column":13}},"10":{"start":{"line":11,"column":0},"end":{"line":11,"column":4}},"11":{"start":{"line":12,"column":0},"end":{"line":12,"column":9}},"12":{"start":{"line":13,"column":0},"end":{"line":13,"column":16}},"13":{"start":{"line":14,"column":0},"end":{"line":14,"column":17}},"14":{"start":{"line":15,"column":0},"end":{"line":15,"column":4}},"15":{"start":{"line":16,"column":0},"end":{"line":16,"column":2}}},"s":{"0":1,"1":1,"2":1,"3":1,"4":1,"5":1,"6":1,"7":1,"8":1,"9":1,"10":1,"11":1,"12":1,"13":1,"14":1,"15":1},"branchMap":{},"b":{},"fnMap":{},"f":{}}
,"/Users/mateuszwlodarczyk/Downloads/projects/boatsStats/packages/backend/src/config/urls.ts": {"path":"/Users/mateuszwlodarczyk/Downloads/projects/boatsStats/packages/backend/src/config/urls.ts","all":true,"statementMap":{"4":{"start":{"line":5,"column":0},"end":{"line":5,"column":30}},"5":{"start":{"line":6,"column":0},"end":{"line":6,"column":116}},"6":{"start":{"line":7,"column":0},"end":{"line":7,"column":41}},"7":{"start":{"line":8,"column":0},"end":{"line":8,"column":2}},"9":{"start":{"line":10,"column":0},"end":{"line":10,"column":53}},"10":{"start":{"line":11,"column":0},"end":{"line":11,"column":130}},"12":{"start":{"line":13,"column":0},"end":{"line":13,"column":37}},"13":{"start":{"line":14,"column":0},"end":{"line":14,"column":102}},"14":{"start":{"line":15,"column":0},"end":{"line":15,"column":2}}},"s":{"4":0,"5":0,"6":0,"7":0,"9":0,"10":0,"12":0,"13":0,"14":0},"branchMap":{"0":{"type":"branch","line":1,"loc":{"start":{"line":1,"column":563},"end":{"line":15,"column":2}},"locations":[{"start":{"line":1,"column":563},"end":{"line":15,"column":2}}]}},"b":{"0":[1]},"fnMap":{"0":{"name":"(empty-report)","decl":{"start":{"line":1,"column":563},"end":{"line":15,"column":2}},"loc":{"start":{"line":1,"column":563},"end":{"line":15,"column":2}},"line":1}},"f":{"0":1}}
,"/Users/mateuszwlodarczyk/Downloads/projects/boatsStats/packages/backend/src/controllers/AdminController.ts": {"path":"/Users/mateuszwlodarczyk/Downloads/projects/boatsStats/packages/backend/src/controllers/AdminController.ts","all":true,"statementMap":{"0":{"start":{"line":1,"column":0},"end":{"line":1,"column":62}},"1":{"start":{"line":2,"column":0},"end":{"line":2,"column":77}},"3":{"start":{"line":4,"column":0},"end":{"line":4,"column":15}},"4":{"start":{"line":5,"column":0},"end":{"line":5,"column":30}},"5":{"start":{"line":6,"column":0},"end":{"line":6,"column":43}},"7":{"start":{"line":8,"column":0},"end":{"line":8,"column":17}},"8":{"start":{"line":9,"column":0},"end":{"line":9,"column":49}},"9":{"start":{"line":10,"column":0},"end":{"line":10,"column":3}},"12":{"start":{"line":13,"column":0},"end":{"line":13,"column":15}},"13":{"start":{"line":14,"column":0},"end":{"line":14,"column":62}},"14":{"start":{"line":15,"column":0},"end":{"line":15,"column":9}},"15":{"start":{"line":16,"column":0},"end":{"line":16,"column":64}},"18":{"start":{"line":19,"column":0},"end":{"line":19,"column":115}},"20":{"start":{"line":21,"column":0},"end":{"line":21,"column":22}},"21":{"start":{"line":22,"column":0},"end":{"line":22,"column":63}},"22":{"start":{"line":23,"column":0},"end":{"line":23,"column":76}},"23":{"start":{"line":24,"column":0},"end":{"line":24,"column":7}},"25":{"start":{"line":26,"column":0},"end":{"line":26,"column":84}},"28":{"start":{"line":29,"column":0},"end":{"line":29,"column":51}},"29":{"start":{"line":30,"column":0},"end":{"line":30,"column":20}},"30":{"start":{"line":31,"column":0},"end":{"line":31,"column":32}},"31":{"start":{"line":32,"column":0},"end":{"line":32,"column":56}},"32":{"start":{"line":33,"column":0},"end":{"line":33,"column":54}},"33":{"start":{"line":34,"column":0},"end":{"line":34,"column":65}},"34":{"start":{"line":35,"column":0},"end":{"line":35,"column":62}},"35":{"start":{"line":36,"column":0},"end":{"line":36,"column":35}},"36":{"start":{"line":37,"column":0},"end":{"line":37,"column":35}},"37":{"start":{"line":38,"column":0},"end":{"line":38,"column":42}},"38":{"start":{"line":39,"column":0},"end":{"line":39,"column":10}},"40":{"start":{"line":41,"column":0},"end":{"line":41,"column":14}},"41":{"start":{"line":42,"column":0},"end":{"line":42,"column":14}},"42":{"start":{"line":43,"column":0},"end":{"line":43,"column":28}},"43":{"start":{"line":44,"column":0},"end":{"line":44,"column":8}},"44":{"start":{"line":45,"column":0},"end":{"line":45,"column":21}},"45":{"start":{"line":46,"column":0},"end":{"line":46,"column":49}},"46":{"start":{"line":47,"column":0},"end":{"line":47,"column":18}},"47":{"start":{"line":48,"column":0},"end":{"line":48,"column":5}},"48":{"start":{"line":49,"column":0},"end":{"line":49,"column":3}},"51":{"start":{"line":52,"column":0},"end":{"line":52,"column":16}},"52":{"start":{"line":53,"column":0},"end":{"line":53,"column":19}},"53":{"start":{"line":54,"column":0},"end":{"line":54,"column":113}},"54":{"start":{"line":55,"column":0},"end":{"line":55,"column":46}},"55":{"start":{"line":56,"column":0},"end":{"line":56,"column":9}},"56":{"start":{"line":57,"column":0},"end":{"line":57,"column":82}},"58":{"start":{"line":59,"column":0},"end":{"line":59,"column":59}},"59":{"start":{"line":60,"column":0},"end":{"line":60,"column":81}},"60":{"start":{"line":61,"column":0},"end":{"line":61,"column":7}},"63":{"start":{"line":64,"column":0},"end":{"line":64,"column":115}},"64":{"start":{"line":65,"column":0},"end":{"line":65,"column":14}},"65":{"start":{"line":66,"column":0},"end":{"line":66,"column":17}},"66":{"start":{"line":67,"column":0},"end":{"line":67,"column":24}},"67":{"start":{"line":68,"column":0},"end":{"line":68,"column":32}},"68":{"start":{"line":69,"column":0},"end":{"line":69,"column":30}},"69":{"start":{"line":70,"column":0},"end":{"line":70,"column":21}},"70":{"start":{"line":71,"column":0},"end":{"line":71,"column":10}},"71":{"start":{"line":72,"column":0},"end":{"line":72,"column":28}},"72":{"start":{"line":73,"column":0},"end":{"line":73,"column":9}},"74":{"start":{"line":75,"column":0},"end":{"line":75,"column":22}},"75":{"start":{"line":76,"column":0},"end":{"line":76,"column":57}},"76":{"start":{"line":77,"column":0},"end":{"line":77,"column":43}},"77":{"start":{"line":78,"column":0},"end":{"line":78,"column":7}},"80":{"start":{"line":81,"column":0},"end":{"line":81,"column":20}},"81":{"start":{"line":82,"column":0},"end":{"line":82,"column":29}},"82":{"start":{"line":83,"column":0},"end":{"line":83,"column":35}},"83":{"start":{"line":84,"column":0},"end":{"line":84,"column":72}},"84":{"start":{"line":85,"column":0},"end":{"line":85,"column":69}},"85":{"start":{"line":86,"column":0},"end":{"line":86,"column":56}},"86":{"start":{"line":87,"column":0},"end":{"line":87,"column":71}},"87":{"start":{"line":88,"column":0},"end":{"line":88,"column":44}},"88":{"start":{"line":89,"column":0},"end":{"line":89,"column":44}},"89":{"start":{"line":90,"column":0},"end":{"line":90,"column":51}},"90":{"start":{"line":91,"column":0},"end":{"line":91,"column":8}},"92":{"start":{"line":93,"column":0},"end":{"line":93,"column":14}},"93":{"start":{"line":94,"column":0},"end":{"line":94,"column":13}},"94":{"start":{"line":95,"column":0},"end":{"line":95,"column":45}},"95":{"start":{"line":96,"column":0},"end":{"line":96,"column":8}},"96":{"start":{"line":97,"column":0},"end":{"line":97,"column":21}},"97":{"start":{"line":98,"column":0},"end":{"line":98,"column":51}},"98":{"start":{"line":99,"column":0},"end":{"line":99,"column":18}},"99":{"start":{"line":100,"column":0},"end":{"line":100,"column":5}},"100":{"start":{"line":101,"column":0},"end":{"line":101,"column":3}},"103":{"start":{"line":104,"column":0},"end":{"line":104,"column":20}},"104":{"start":{"line":105,"column":0},"end":{"line":105,"column":19}},"105":{"start":{"line":106,"column":0},"end":{"line":106,"column":23}},"106":{"start":{"line":107,"column":0},"end":{"line":107,"column":115}},"107":{"start":{"line":108,"column":0},"end":{"line":108,"column":46}},"108":{"start":{"line":109,"column":0},"end":{"line":109,"column":9}},"109":{"start":{"line":110,"column":0},"end":{"line":110,"column":71}},"112":{"start":{"line":113,"column":0},"end":{"line":113,"column":33}},"113":{"start":{"line":114,"column":0},"end":{"line":114,"column":55}},"114":{"start":{"line":115,"column":0},"end":{"line":115,"column":52}},"115":{"start":{"line":116,"column":0},"end":{"line":116,"column":39}},"116":{"start":{"line":117,"column":0},"end":{"line":117,"column":42}},"118":{"start":{"line":119,"column":0},"end":{"line":119,"column":123}},"119":{"start":{"line":120,"column":0},"end":{"line":120,"column":34}},"120":{"start":{"line":121,"column":0},"end":{"line":121,"column":21}},"121":{"start":{"line":122,"column":0},"end":{"line":122,"column":9}},"123":{"start":{"line":124,"column":0},"end":{"line":124,"column":22}},"124":{"start":{"line":125,"column":0},"end":{"line":125,"column":62}},"125":{"start":{"line":126,"column":0},"end":{"line":126,"column":76}},"126":{"start":{"line":127,"column":0},"end":{"line":127,"column":7}},"129":{"start":{"line":130,"column":0},"end":{"line":130,"column":20}},"130":{"start":{"line":131,"column":0},"end":{"line":131,"column":29}},"131":{"start":{"line":132,"column":0},"end":{"line":132,"column":35}},"132":{"start":{"line":133,"column":0},"end":{"line":133,"column":65}},"133":{"start":{"line":134,"column":0},"end":{"line":134,"column":63}},"134":{"start":{"line":135,"column":0},"end":{"line":135,"column":58}},"135":{"start":{"line":136,"column":0},"end":{"line":136,"column":71}},"136":{"start":{"line":137,"column":0},"end":{"line":137,"column":44}},"137":{"start":{"line":138,"column":0},"end":{"line":138,"column":44}},"138":{"start":{"line":139,"column":0},"end":{"line":139,"column":51}},"139":{"start":{"line":140,"column":0},"end":{"line":140,"column":8}},"141":{"start":{"line":142,"column":0},"end":{"line":142,"column":14}},"142":{"start":{"line":143,"column":0},"end":{"line":143,"column":13}},"143":{"start":{"line":144,"column":0},"end":{"line":144,"column":45}},"144":{"start":{"line":145,"column":0},"end":{"line":145,"column":8}},"145":{"start":{"line":146,"column":0},"end":{"line":146,"column":21}},"146":{"start":{"line":147,"column":0},"end":{"line":147,"column":51}},"147":{"start":{"line":148,"column":0},"end":{"line":148,"column":18}},"148":{"start":{"line":149,"column":0},"end":{"line":149,"column":5}},"149":{"start":{"line":150,"column":0},"end":{"line":150,"column":3}},"152":{"start":{"line":153,"column":0},"end":{"line":153,"column":23}},"153":{"start":{"line":154,"column":0},"end":{"line":154,"column":70}},"154":{"start":{"line":155,"column":0},"end":{"line":155,"column":9}},"156":{"start":{"line":157,"column":0},"end":{"line":157,"column":91}},"158":{"start":{"line":159,"column":0},"end":{"line":159,"column":18}},"159":{"start":{"line":160,"column":0},"end":{"line":160,"column":53}},"160":{"start":{"line":161,"column":0},"end":{"line":161,"column":67}},"161":{"start":{"line":162,"column":0},"end":{"line":162,"column":7}},"163":{"start":{"line":164,"column":0},"end":{"line":164,"column":14}},"164":{"start":{"line":165,"column":0},"end":{"line":165,"column":45}},"165":{"start":{"line":166,"column":0},"end":{"line":166,"column":8}},"166":{"start":{"line":167,"column":0},"end":{"line":167,"column":21}},"167":{"start":{"line":168,"column":0},"end":{"line":168,"column":51}},"168":{"start":{"line":169,"column":0},"end":{"line":169,"column":18}},"169":{"start":{"line":170,"column":0},"end":{"line":170,"column":5}},"170":{"start":{"line":171,"column":0},"end":{"line":171,"column":3}},"173":{"start":{"line":174,"column":0},"end":{"line":174,"column":19}},"174":{"start":{"line":175,"column":0},"end":{"line":175,"column":68}},"175":{"start":{"line":176,"column":0},"end":{"line":176,"column":9}},"176":{"start":{"line":177,"column":0},"end":{"line":177,"column":57}},"179":{"start":{"line":180,"column":0},"end":{"line":180,"column":11}},"180":{"start":{"line":181,"column":0},"end":{"line":181,"column":72}},"181":{"start":{"line":182,"column":0},"end":{"line":182,"column":39}},"182":{"start":{"line":183,"column":0},"end":{"line":183,"column":22}},"183":{"start":{"line":184,"column":0},"end":{"line":184,"column":52}},"184":{"start":{"line":185,"column":0},"end":{"line":185,"column":21}},"186":{"start":{"line":187,"column":0},"end":{"line":187,"column":48}},"188":{"start":{"line":189,"column":0},"end":{"line":189,"column":47}},"189":{"start":{"line":190,"column":0},"end":{"line":190,"column":26}},"190":{"start":{"line":191,"column":0},"end":{"line":191,"column":33}},"191":{"start":{"line":192,"column":0},"end":{"line":192,"column":31}},"192":{"start":{"line":193,"column":0},"end":{"line":193,"column":39}},"193":{"start":{"line":194,"column":0},"end":{"line":194,"column":35}},"194":{"start":{"line":195,"column":0},"end":{"line":195,"column":47}},"195":{"start":{"line":196,"column":0},"end":{"line":196,"column":35}},"196":{"start":{"line":197,"column":0},"end":{"line":197,"column":14}},"198":{"start":{"line":199,"column":0},"end":{"line":199,"column":98}},"199":{"start":{"line":200,"column":0},"end":{"line":200,"column":18}},"200":{"start":{"line":201,"column":0},"end":{"line":201,"column":21}},"201":{"start":{"line":202,"column":0},"end":{"line":202,"column":35}},"202":{"start":{"line":203,"column":0},"end":{"line":203,"column":12}},"203":{"start":{"line":204,"column":0},"end":{"line":204,"column":9}},"204":{"start":{"line":205,"column":0},"end":{"line":205,"column":27}},"205":{"start":{"line":206,"column":0},"end":{"line":206,"column":87}},"206":{"start":{"line":207,"column":0},"end":{"line":207,"column":7}},"209":{"start":{"line":210,"column":0},"end":{"line":210,"column":11}},"210":{"start":{"line":211,"column":0},"end":{"line":211,"column":103}},"211":{"start":{"line":212,"column":0},"end":{"line":212,"column":33}},"212":{"start":{"line":213,"column":0},"end":{"line":213,"column":22}},"213":{"start":{"line":214,"column":0},"end":{"line":214,"column":52}},"214":{"start":{"line":215,"column":0},"end":{"line":215,"column":21}},"216":{"start":{"line":217,"column":0},"end":{"line":217,"column":75}},"217":{"start":{"line":218,"column":0},"end":{"line":218,"column":76}},"218":{"start":{"line":219,"column":0},"end":{"line":219,"column":36}},"219":{"start":{"line":220,"column":0},"end":{"line":220,"column":56}},"220":{"start":{"line":221,"column":0},"end":{"line":221,"column":46}},"221":{"start":{"line":222,"column":0},"end":{"line":222,"column":67}},"222":{"start":{"line":223,"column":0},"end":{"line":223,"column":65}},"223":{"start":{"line":224,"column":0},"end":{"line":224,"column":59}},"224":{"start":{"line":225,"column":0},"end":{"line":225,"column":48}},"225":{"start":{"line":226,"column":0},"end":{"line":226,"column":14}},"227":{"start":{"line":228,"column":0},"end":{"line":228,"column":94}},"228":{"start":{"line":229,"column":0},"end":{"line":229,"column":18}},"229":{"start":{"line":230,"column":0},"end":{"line":230,"column":21}},"230":{"start":{"line":231,"column":0},"end":{"line":231,"column":35}},"231":{"start":{"line":232,"column":0},"end":{"line":232,"column":12}},"232":{"start":{"line":233,"column":0},"end":{"line":233,"column":9}},"233":{"start":{"line":234,"column":0},"end":{"line":234,"column":32}},"234":{"start":{"line":235,"column":0},"end":{"line":235,"column":61}},"235":{"start":{"line":236,"column":0},"end":{"line":236,"column":7}},"238":{"start":{"line":239,"column":0},"end":{"line":239,"column":66}},"239":{"start":{"line":240,"column":0},"end":{"line":240,"column":31}},"240":{"start":{"line":241,"column":0},"end":{"line":241,"column":9}},"241":{"start":{"line":242,"column":0},"end":{"line":242,"column":16}},"242":{"start":{"line":243,"column":0},"end":{"line":243,"column":36}},"243":{"start":{"line":244,"column":0},"end":{"line":244,"column":30}},"244":{"start":{"line":245,"column":0},"end":{"line":245,"column":78}},"245":{"start":{"line":246,"column":0},"end":{"line":246,"column":92}},"246":{"start":{"line":247,"column":0},"end":{"line":247,"column":76}},"247":{"start":{"line":248,"column":0},"end":{"line":248,"column":29}},"248":{"start":{"line":249,"column":0},"end":{"line":249,"column":10}},"249":{"start":{"line":250,"column":0},"end":{"line":250,"column":9}},"250":{"start":{"line":251,"column":0},"end":{"line":251,"column":16}},"251":{"start":{"line":252,"column":0},"end":{"line":252,"column":34}},"252":{"start":{"line":253,"column":0},"end":{"line":253,"column":30}},"253":{"start":{"line":254,"column":0},"end":{"line":254,"column":78}},"254":{"start":{"line":255,"column":0},"end":{"line":255,"column":92}},"255":{"start":{"line":256,"column":0},"end":{"line":256,"column":56}},"256":{"start":{"line":257,"column":0},"end":{"line":257,"column":29}},"257":{"start":{"line":258,"column":0},"end":{"line":258,"column":10}},"258":{"start":{"line":259,"column":0},"end":{"line":259,"column":9}},"259":{"start":{"line":260,"column":0},"end":{"line":260,"column":16}},"260":{"start":{"line":261,"column":0},"end":{"line":261,"column":38}},"261":{"start":{"line":262,"column":0},"end":{"line":262,"column":30}},"262":{"start":{"line":263,"column":0},"end":{"line":263,"column":78}},"263":{"start":{"line":264,"column":0},"end":{"line":264,"column":88}},"264":{"start":{"line":265,"column":0},"end":{"line":265,"column":55}},"265":{"start":{"line":266,"column":0},"end":{"line":266,"column":26}},"266":{"start":{"line":267,"column":0},"end":{"line":267,"column":10}},"267":{"start":{"line":268,"column":0},"end":{"line":268,"column":8}},"269":{"start":{"line":270,"column":0},"end":{"line":270,"column":14}},"270":{"start":{"line":271,"column":0},"end":{"line":271,"column":34}},"271":{"start":{"line":272,"column":0},"end":{"line":272,"column":38}},"272":{"start":{"line":273,"column":0},"end":{"line":273,"column":8}},"273":{"start":{"line":274,"column":0},"end":{"line":274,"column":21}},"274":{"start":{"line":275,"column":0},"end":{"line":275,"column":52}},"275":{"start":{"line":276,"column":0},"end":{"line":276,"column":18}},"276":{"start":{"line":277,"column":0},"end":{"line":277,"column":5}},"277":{"start":{"line":278,"column":0},"end":{"line":278,"column":3}},"280":{"start":{"line":281,"column":0},"end":{"line":281,"column":21}},"281":{"start":{"line":282,"column":0},"end":{"line":282,"column":66}},"282":{"start":{"line":283,"column":0},"end":{"line":283,"column":9}},"283":{"start":{"line":284,"column":0},"end":{"line":284,"column":59}},"286":{"start":{"line":287,"column":0},"end":{"line":287,"column":11}},"288":{"start":{"line":289,"column":0},"end":{"line":289,"column":116}},"289":{"start":{"line":290,"column":0},"end":{"line":290,"column":26}},"290":{"start":{"line":291,"column":0},"end":{"line":291,"column":11}},"292":{"start":{"line":293,"column":0},"end":{"line":293,"column":54}},"293":{"start":{"line":294,"column":0},"end":{"line":294,"column":65}},"294":{"start":{"line":295,"column":0},"end":{"line":295,"column":26}},"295":{"start":{"line":296,"column":0},"end":{"line":296,"column":64}},"296":{"start":{"line":297,"column":0},"end":{"line":297,"column":51}},"297":{"start":{"line":298,"column":0},"end":{"line":298,"column":49}},"298":{"start":{"line":299,"column":0},"end":{"line":299,"column":32}},"299":{"start":{"line":300,"column":0},"end":{"line":300,"column":56}},"300":{"start":{"line":301,"column":0},"end":{"line":301,"column":14}},"302":{"start":{"line":303,"column":0},"end":{"line":303,"column":94}},"303":{"start":{"line":304,"column":0},"end":{"line":304,"column":18}},"304":{"start":{"line":305,"column":0},"end":{"line":305,"column":17}},"305":{"start":{"line":306,"column":0},"end":{"line":306,"column":31}},"306":{"start":{"line":307,"column":0},"end":{"line":307,"column":12}},"307":{"start":{"line":308,"column":0},"end":{"line":308,"column":9}},"308":{"start":{"line":309,"column":0},"end":{"line":309,"column":26}},"309":{"start":{"line":310,"column":0},"end":{"line":310,"column":74}},"310":{"start":{"line":311,"column":0},"end":{"line":311,"column":7}},"313":{"start":{"line":314,"column":0},"end":{"line":314,"column":11}},"314":{"start":{"line":315,"column":0},"end":{"line":315,"column":149}},"316":{"start":{"line":317,"column":0},"end":{"line":317,"column":45}},"317":{"start":{"line":318,"column":0},"end":{"line":318,"column":76}},"318":{"start":{"line":319,"column":0},"end":{"line":319,"column":26}},"319":{"start":{"line":320,"column":0},"end":{"line":320,"column":72}},"320":{"start":{"line":321,"column":0},"end":{"line":321,"column":26}},"321":{"start":{"line":322,"column":0},"end":{"line":322,"column":101}},"322":{"start":{"line":323,"column":0},"end":{"line":323,"column":32}},"323":{"start":{"line":324,"column":0},"end":{"line":324,"column":55}},"324":{"start":{"line":325,"column":0},"end":{"line":325,"column":14}},"326":{"start":{"line":327,"column":0},"end":{"line":327,"column":18}},"327":{"start":{"line":328,"column":0},"end":{"line":328,"column":17}},"328":{"start":{"line":329,"column":0},"end":{"line":329,"column":31}},"329":{"start":{"line":330,"column":0},"end":{"line":330,"column":12}},"330":{"start":{"line":331,"column":0},"end":{"line":331,"column":9}},"331":{"start":{"line":332,"column":0},"end":{"line":332,"column":28}},"332":{"start":{"line":333,"column":0},"end":{"line":333,"column":70}},"333":{"start":{"line":334,"column":0},"end":{"line":334,"column":7}},"336":{"start":{"line":337,"column":0},"end":{"line":337,"column":56}},"337":{"start":{"line":338,"column":0},"end":{"line":338,"column":31}},"338":{"start":{"line":339,"column":0},"end":{"line":339,"column":9}},"339":{"start":{"line":340,"column":0},"end":{"line":340,"column":16}},"340":{"start":{"line":341,"column":0},"end":{"line":341,"column":77}},"341":{"start":{"line":342,"column":0},"end":{"line":342,"column":24}},"342":{"start":{"line":343,"column":0},"end":{"line":343,"column":54}},"343":{"start":{"line":344,"column":0},"end":{"line":344,"column":33}},"344":{"start":{"line":345,"column":0},"end":{"line":345,"column":38}},"345":{"start":{"line":346,"column":0},"end":{"line":346,"column":10}},"346":{"start":{"line":347,"column":0},"end":{"line":347,"column":9}},"347":{"start":{"line":348,"column":0},"end":{"line":348,"column":16}},"348":{"start":{"line":349,"column":0},"end":{"line":349,"column":77}},"349":{"start":{"line":350,"column":0},"end":{"line":350,"column":24}},"350":{"start":{"line":351,"column":0},"end":{"line":351,"column":53}},"351":{"start":{"line":352,"column":0},"end":{"line":352,"column":30}},"352":{"start":{"line":353,"column":0},"end":{"line":353,"column":36}},"353":{"start":{"line":354,"column":0},"end":{"line":354,"column":10}},"354":{"start":{"line":355,"column":0},"end":{"line":355,"column":9}},"355":{"start":{"line":356,"column":0},"end":{"line":356,"column":16}},"356":{"start":{"line":357,"column":0},"end":{"line":357,"column":77}},"357":{"start":{"line":358,"column":0},"end":{"line":358,"column":24}},"358":{"start":{"line":359,"column":0},"end":{"line":359,"column":50}},"359":{"start":{"line":360,"column":0},"end":{"line":360,"column":30}},"360":{"start":{"line":361,"column":0},"end":{"line":361,"column":42}},"361":{"start":{"line":362,"column":0},"end":{"line":362,"column":10}},"362":{"start":{"line":363,"column":0},"end":{"line":363,"column":8}},"364":{"start":{"line":365,"column":0},"end":{"line":365,"column":14}},"365":{"start":{"line":366,"column":0},"end":{"line":366,"column":30}},"366":{"start":{"line":367,"column":0},"end":{"line":367,"column":38}},"367":{"start":{"line":368,"column":0},"end":{"line":368,"column":8}},"368":{"start":{"line":369,"column":0},"end":{"line":369,"column":21}},"369":{"start":{"line":370,"column":0},"end":{"line":370,"column":54}},"370":{"start":{"line":371,"column":0},"end":{"line":371,"column":18}},"371":{"start":{"line":372,"column":0},"end":{"line":372,"column":5}},"372":{"start":{"line":373,"column":0},"end":{"line":373,"column":3}},"375":{"start":{"line":376,"column":0},"end":{"line":376,"column":48}},"376":{"start":{"line":377,"column":0},"end":{"line":377,"column":49}},"377":{"start":{"line":378,"column":0},"end":{"line":378,"column":18}},"378":{"start":{"line":379,"column":0},"end":{"line":379,"column":19}},"379":{"start":{"line":380,"column":0},"end":{"line":380,"column":25}},"380":{"start":{"line":381,"column":0},"end":{"line":381,"column":22}},"381":{"start":{"line":382,"column":0},"end":{"line":382,"column":21}},"382":{"start":{"line":383,"column":0},"end":{"line":383,"column":21}},"383":{"start":{"line":384,"column":0},"end":{"line":384,"column":21}},"384":{"start":{"line":385,"column":0},"end":{"line":385,"column":21}},"385":{"start":{"line":386,"column":0},"end":{"line":386,"column":6}},"386":{"start":{"line":387,"column":0},"end":{"line":387,"column":54}},"387":{"start":{"line":388,"column":0},"end":{"line":388,"column":3}},"390":{"start":{"line":391,"column":0},"end":{"line":391,"column":19}},"391":{"start":{"line":392,"column":0},"end":{"line":392,"column":64}},"392":{"start":{"line":393,"column":0},"end":{"line":393,"column":9}},"393":{"start":{"line":394,"column":0},"end":{"line":394,"column":56}},"396":{"start":{"line":397,"column":0},"end":{"line":397,"column":100}},"398":{"start":{"line":399,"column":0},"end":{"line":399,"column":18}},"399":{"start":{"line":400,"column":0},"end":{"line":400,"column":58}},"400":{"start":{"line":401,"column":0},"end":{"line":401,"column":60}},"401":{"start":{"line":402,"column":0},"end":{"line":402,"column":7}},"403":{"start":{"line":404,"column":0},"end":{"line":404,"column":14}},"404":{"start":{"line":405,"column":0},"end":{"line":405,"column":19}},"405":{"start":{"line":406,"column":0},"end":{"line":406,"column":27}},"406":{"start":{"line":407,"column":0},"end":{"line":407,"column":8}},"407":{"start":{"line":408,"column":0},"end":{"line":408,"column":21}},"408":{"start":{"line":409,"column":0},"end":{"line":409,"column":52}},"409":{"start":{"line":410,"column":0},"end":{"line":410,"column":18}},"410":{"start":{"line":411,"column":0},"end":{"line":411,"column":5}},"411":{"start":{"line":412,"column":0},"end":{"line":412,"column":3}},"414":{"start":{"line":415,"column":0},"end":{"line":415,"column":18}},"415":{"start":{"line":416,"column":0},"end":{"line":416,"column":86}},"416":{"start":{"line":417,"column":0},"end":{"line":417,"column":9}},"417":{"start":{"line":418,"column":0},"end":{"line":418,"column":51}},"419":{"start":{"line":420,"column":0},"end":{"line":420,"column":23}},"420":{"start":{"line":421,"column":0},"end":{"line":421,"column":43}},"421":{"start":{"line":422,"column":0},"end":{"line":422,"column":51}},"422":{"start":{"line":423,"column":0},"end":{"line":423,"column":53}},"423":{"start":{"line":424,"column":0},"end":{"line":424,"column":47}},"424":{"start":{"line":425,"column":0},"end":{"line":425,"column":43}},"425":{"start":{"line":426,"column":0},"end":{"line":426,"column":49}},"426":{"start":{"line":427,"column":0},"end":{"line":427,"column":51}},"427":{"start":{"line":428,"column":0},"end":{"line":428,"column":61}},"428":{"start":{"line":429,"column":0},"end":{"line":429,"column":47}},"429":{"start":{"line":430,"column":0},"end":{"line":430,"column":8}},"431":{"start":{"line":432,"column":0},"end":{"line":432,"column":100}},"433":{"start":{"line":434,"column":0},"end":{"line":434,"column":14}},"434":{"start":{"line":435,"column":0},"end":{"line":435,"column":22}},"435":{"start":{"line":436,"column":0},"end":{"line":436,"column":28}},"436":{"start":{"line":437,"column":0},"end":{"line":437,"column":16}},"437":{"start":{"line":438,"column":0},"end":{"line":438,"column":151}},"438":{"start":{"line":439,"column":0},"end":{"line":439,"column":8}},"439":{"start":{"line":440,"column":0},"end":{"line":440,"column":21}},"440":{"start":{"line":441,"column":0},"end":{"line":441,"column":59}},"441":{"start":{"line":442,"column":0},"end":{"line":442,"column":18}},"442":{"start":{"line":443,"column":0},"end":{"line":443,"column":5}},"443":{"start":{"line":444,"column":0},"end":{"line":444,"column":3}},"446":{"start":{"line":447,"column":0},"end":{"line":447,"column":19}},"447":{"start":{"line":448,"column":0},"end":{"line":448,"column":81}},"448":{"start":{"line":449,"column":0},"end":{"line":449,"column":9}},"449":{"start":{"line":450,"column":0},"end":{"line":450,"column":43}},"451":{"start":{"line":452,"column":0},"end":{"line":452,"column":14}},"452":{"start":{"line":453,"column":0},"end":{"line":453,"column":17}},"453":{"start":{"line":454,"column":0},"end":{"line":454,"column":17}},"454":{"start":{"line":455,"column":0},"end":{"line":455,"column":132}},"455":{"start":{"line":456,"column":0},"end":{"line":456,"column":8}},"456":{"start":{"line":457,"column":0},"end":{"line":457,"column":21}},"457":{"start":{"line":458,"column":0},"end":{"line":458,"column":52}},"458":{"start":{"line":459,"column":0},"end":{"line":459,"column":18}},"459":{"start":{"line":460,"column":0},"end":{"line":460,"column":5}},"460":{"start":{"line":461,"column":0},"end":{"line":461,"column":3}},"463":{"start":{"line":464,"column":0},"end":{"line":464,"column":23}},"464":{"start":{"line":465,"column":0},"end":{"line":465,"column":85}},"465":{"start":{"line":466,"column":0},"end":{"line":466,"column":9}},"466":{"start":{"line":467,"column":0},"end":{"line":467,"column":49}},"468":{"start":{"line":469,"column":0},"end":{"line":469,"column":14}},"469":{"start":{"line":470,"column":0},"end":{"line":470,"column":17}},"470":{"start":{"line":471,"column":0},"end":{"line":471,"column":17}},"471":{"start":{"line":472,"column":0},"end":{"line":472,"column":132}},"472":{"start":{"line":473,"column":0},"end":{"line":473,"column":8}},"473":{"start":{"line":474,"column":0},"end":{"line":474,"column":21}},"474":{"start":{"line":475,"column":0},"end":{"line":475,"column":56}},"475":{"start":{"line":476,"column":0},"end":{"line":476,"column":18}},"476":{"start":{"line":477,"column":0},"end":{"line":477,"column":5}},"477":{"start":{"line":478,"column":0},"end":{"line":478,"column":3}},"480":{"start":{"line":481,"column":0},"end":{"line":481,"column":24}},"481":{"start":{"line":482,"column":0},"end":{"line":482,"column":86}},"482":{"start":{"line":483,"column":0},"end":{"line":483,"column":9}},"483":{"start":{"line":484,"column":0},"end":{"line":484,"column":48}},"485":{"start":{"line":486,"column":0},"end":{"line":486,"column":14}},"486":{"start":{"line":487,"column":0},"end":{"line":487,"column":17}},"487":{"start":{"line":488,"column":0},"end":{"line":488,"column":17}},"488":{"start":{"line":489,"column":0},"end":{"line":489,"column":117}},"489":{"start":{"line":490,"column":0},"end":{"line":490,"column":8}},"490":{"start":{"line":491,"column":0},"end":{"line":491,"column":21}},"491":{"start":{"line":492,"column":0},"end":{"line":492,"column":57}},"492":{"start":{"line":493,"column":0},"end":{"line":493,"column":18}},"493":{"start":{"line":494,"column":0},"end":{"line":494,"column":5}},"494":{"start":{"line":495,"column":0},"end":{"line":495,"column":3}},"497":{"start":{"line":498,"column":0},"end":{"line":498,"column":21}},"498":{"start":{"line":499,"column":0},"end":{"line":499,"column":83}},"499":{"start":{"line":500,"column":0},"end":{"line":500,"column":9}},"500":{"start":{"line":501,"column":0},"end":{"line":501,"column":45}},"502":{"start":{"line":503,"column":0},"end":{"line":503,"column":14}},"503":{"start":{"line":504,"column":0},"end":{"line":504,"column":17}},"504":{"start":{"line":505,"column":0},"end":{"line":505,"column":17}},"505":{"start":{"line":506,"column":0},"end":{"line":506,"column":109}},"506":{"start":{"line":507,"column":0},"end":{"line":507,"column":8}},"507":{"start":{"line":508,"column":0},"end":{"line":508,"column":21}},"508":{"start":{"line":509,"column":0},"end":{"line":509,"column":54}},"509":{"start":{"line":510,"column":0},"end":{"line":510,"column":18}},"510":{"start":{"line":511,"column":0},"end":{"line":511,"column":5}},"511":{"start":{"line":512,"column":0},"end":{"line":512,"column":3}},"514":{"start":{"line":515,"column":0},"end":{"line":515,"column":19}},"515":{"start":{"line":516,"column":0},"end":{"line":516,"column":81}},"516":{"start":{"line":517,"column":0},"end":{"line":517,"column":9}},"517":{"start":{"line":518,"column":0},"end":{"line":518,"column":43}},"519":{"start":{"line":520,"column":0},"end":{"line":520,"column":14}},"520":{"start":{"line":521,"column":0},"end":{"line":521,"column":17}},"521":{"start":{"line":522,"column":0},"end":{"line":522,"column":17}},"522":{"start":{"line":523,"column":0},"end":{"line":523,"column":124}},"523":{"start":{"line":524,"column":0},"end":{"line":524,"column":8}},"524":{"start":{"line":525,"column":0},"end":{"line":525,"column":21}},"525":{"start":{"line":526,"column":0},"end":{"line":526,"column":52}},"526":{"start":{"line":527,"column":0},"end":{"line":527,"column":18}},"527":{"start":{"line":528,"column":0},"end":{"line":528,"column":5}},"528":{"start":{"line":529,"column":0},"end":{"line":529,"column":3}},"531":{"start":{"line":532,"column":0},"end":{"line":532,"column":22}},"532":{"start":{"line":533,"column":0},"end":{"line":533,"column":84}},"533":{"start":{"line":534,"column":0},"end":{"line":534,"column":9}},"534":{"start":{"line":535,"column":0},"end":{"line":535,"column":46}},"536":{"start":{"line":537,"column":0},"end":{"line":537,"column":14}},"537":{"start":{"line":538,"column":0},"end":{"line":538,"column":17}},"538":{"start":{"line":539,"column":0},"end":{"line":539,"column":17}},"539":{"start":{"line":540,"column":0},"end":{"line":540,"column":118}},"540":{"start":{"line":541,"column":0},"end":{"line":541,"column":8}},"541":{"start":{"line":542,"column":0},"end":{"line":542,"column":21}},"542":{"start":{"line":543,"column":0},"end":{"line":543,"column":55}},"543":{"start":{"line":544,"column":0},"end":{"line":544,"column":18}},"544":{"start":{"line":545,"column":0},"end":{"line":545,"column":5}},"545":{"start":{"line":546,"column":0},"end":{"line":546,"column":3}},"548":{"start":{"line":549,"column":0},"end":{"line":549,"column":23}},"549":{"start":{"line":550,"column":0},"end":{"line":550,"column":85}},"550":{"start":{"line":551,"column":0},"end":{"line":551,"column":9}},"551":{"start":{"line":552,"column":0},"end":{"line":552,"column":47}},"553":{"start":{"line":554,"column":0},"end":{"line":554,"column":14}},"554":{"start":{"line":555,"column":0},"end":{"line":555,"column":17}},"555":{"start":{"line":556,"column":0},"end":{"line":556,"column":17}},"556":{"start":{"line":557,"column":0},"end":{"line":557,"column":120}},"557":{"start":{"line":558,"column":0},"end":{"line":558,"column":8}},"558":{"start":{"line":559,"column":0},"end":{"line":559,"column":21}},"559":{"start":{"line":560,"column":0},"end":{"line":560,"column":56}},"560":{"start":{"line":561,"column":0},"end":{"line":561,"column":18}},"561":{"start":{"line":562,"column":0},"end":{"line":562,"column":5}},"562":{"start":{"line":563,"column":0},"end":{"line":563,"column":3}},"565":{"start":{"line":566,"column":0},"end":{"line":566,"column":29}},"566":{"start":{"line":567,"column":0},"end":{"line":567,"column":90}},"567":{"start":{"line":568,"column":0},"end":{"line":568,"column":9}},"568":{"start":{"line":569,"column":0},"end":{"line":569,"column":53}},"570":{"start":{"line":571,"column":0},"end":{"line":571,"column":14}},"571":{"start":{"line":572,"column":0},"end":{"line":572,"column":17}},"572":{"start":{"line":573,"column":0},"end":{"line":573,"column":17}},"573":{"start":{"line":574,"column":0},"end":{"line":574,"column":135}},"574":{"start":{"line":575,"column":0},"end":{"line":575,"column":8}},"575":{"start":{"line":576,"column":0},"end":{"line":576,"column":21}},"576":{"start":{"line":577,"column":0},"end":{"line":577,"column":61}},"577":{"start":{"line":578,"column":0},"end":{"line":578,"column":18}},"578":{"start":{"line":579,"column":0},"end":{"line":579,"column":5}},"579":{"start":{"line":580,"column":0},"end":{"line":580,"column":3}},"582":{"start":{"line":583,"column":0},"end":{"line":583,"column":21}},"583":{"start":{"line":584,"column":0},"end":{"line":584,"column":83}},"584":{"start":{"line":585,"column":0},"end":{"line":585,"column":9}},"585":{"start":{"line":586,"column":0},"end":{"line":586,"column":46}},"587":{"start":{"line":588,"column":0},"end":{"line":588,"column":14}},"588":{"start":{"line":589,"column":0},"end":{"line":589,"column":17}},"589":{"start":{"line":590,"column":0},"end":{"line":590,"column":17}},"590":{"start":{"line":591,"column":0},"end":{"line":591,"column":120}},"591":{"start":{"line":592,"column":0},"end":{"line":592,"column":8}},"592":{"start":{"line":593,"column":0},"end":{"line":593,"column":21}},"593":{"start":{"line":594,"column":0},"end":{"line":594,"column":54}},"594":{"start":{"line":595,"column":0},"end":{"line":595,"column":18}},"595":{"start":{"line":596,"column":0},"end":{"line":596,"column":5}},"596":{"start":{"line":597,"column":0},"end":{"line":597,"column":3}},"599":{"start":{"line":600,"column":0},"end":{"line":600,"column":15}},"600":{"start":{"line":601,"column":0},"end":{"line":601,"column":62}},"601":{"start":{"line":602,"column":0},"end":{"line":602,"column":9}},"602":{"start":{"line":603,"column":0},"end":{"line":603,"column":53}},"605":{"start":{"line":606,"column":0},"end":{"line":606,"column":47}},"606":{"start":{"line":607,"column":0},"end":{"line":607,"column":77}},"607":{"start":{"line":608,"column":0},"end":{"line":608,"column":16}},"608":{"start":{"line":609,"column":0},"end":{"line":609,"column":20}},"609":{"start":{"line":610,"column":0},"end":{"line":610,"column":19}},"610":{"start":{"line":611,"column":0},"end":{"line":611,"column":10}},"611":{"start":{"line":612,"column":0},"end":{"line":612,"column":7}},"614":{"start":{"line":615,"column":0},"end":{"line":615,"column":50}},"615":{"start":{"line":616,"column":0},"end":{"line":616,"column":85}},"617":{"start":{"line":618,"column":0},"end":{"line":618,"column":131}},"619":{"start":{"line":620,"column":0},"end":{"line":620,"column":49}},"620":{"start":{"line":621,"column":0},"end":{"line":621,"column":50}},"621":{"start":{"line":622,"column":0},"end":{"line":622,"column":50}},"623":{"start":{"line":624,"column":0},"end":{"line":624,"column":18}},"624":{"start":{"line":625,"column":0},"end":{"line":625,"column":79}},"626":{"start":{"line":627,"column":0},"end":{"line":627,"column":16}},"627":{"start":{"line":628,"column":0},"end":{"line":628,"column":20}},"628":{"start":{"line":629,"column":0},"end":{"line":629,"column":19}},"629":{"start":{"line":630,"column":0},"end":{"line":630,"column":10}},"630":{"start":{"line":631,"column":0},"end":{"line":631,"column":7}},"632":{"start":{"line":633,"column":0},"end":{"line":633,"column":70}},"633":{"start":{"line":634,"column":0},"end":{"line":634,"column":38}},"634":{"start":{"line":635,"column":0},"end":{"line":635,"column":84}},"635":{"start":{"line":636,"column":0},"end":{"line":636,"column":7}},"636":{"start":{"line":637,"column":0},"end":{"line":637,"column":14}},"637":{"start":{"line":638,"column":0},"end":{"line":638,"column":27}},"638":{"start":{"line":639,"column":0},"end":{"line":639,"column":34}},"639":{"start":{"line":640,"column":0},"end":{"line":640,"column":8}},"640":{"start":{"line":641,"column":0},"end":{"line":641,"column":21}},"641":{"start":{"line":642,"column":0},"end":{"line":642,"column":49}},"643":{"start":{"line":644,"column":0},"end":{"line":644,"column":14}},"644":{"start":{"line":645,"column":0},"end":{"line":645,"column":18}},"645":{"start":{"line":646,"column":0},"end":{"line":646,"column":17}},"646":{"start":{"line":647,"column":0},"end":{"line":647,"column":8}},"647":{"start":{"line":648,"column":0},"end":{"line":648,"column":5}},"648":{"start":{"line":649,"column":0},"end":{"line":649,"column":3}},"651":{"start":{"line":652,"column":0},"end":{"line":652,"column":16}},"652":{"start":{"line":653,"column":0},"end":{"line":653,"column":101}},"653":{"start":{"line":654,"column":0},"end":{"line":654,"column":9}},"654":{"start":{"line":655,"column":0},"end":{"line":655,"column":36}},"656":{"start":{"line":657,"column":0},"end":{"line":657,"column":48}},"657":{"start":{"line":658,"column":0},"end":{"line":658,"column":53}},"658":{"start":{"line":659,"column":0},"end":{"line":659,"column":7}},"660":{"start":{"line":661,"column":0},"end":{"line":661,"column":71}},"661":{"start":{"line":662,"column":0},"end":{"line":662,"column":22}},"662":{"start":{"line":663,"column":0},"end":{"line":663,"column":42}},"663":{"start":{"line":664,"column":0},"end":{"line":664,"column":17}},"664":{"start":{"line":665,"column":0},"end":{"line":665,"column":18}},"666":{"start":{"line":667,"column":0},"end":{"line":667,"column":18}},"667":{"start":{"line":668,"column":0},"end":{"line":668,"column":53}},"668":{"start":{"line":669,"column":0},"end":{"line":669,"column":67}},"669":{"start":{"line":670,"column":0},"end":{"line":670,"column":7}},"671":{"start":{"line":672,"column":0},"end":{"line":672,"column":57}},"672":{"start":{"line":673,"column":0},"end":{"line":673,"column":14}},"673":{"start":{"line":674,"column":0},"end":{"line":674,"column":13}},"674":{"start":{"line":675,"column":0},"end":{"line":675,"column":45}},"675":{"start":{"line":676,"column":0},"end":{"line":676,"column":8}},"676":{"start":{"line":677,"column":0},"end":{"line":677,"column":21}},"677":{"start":{"line":678,"column":0},"end":{"line":678,"column":51}},"678":{"start":{"line":679,"column":0},"end":{"line":679,"column":18}},"679":{"start":{"line":680,"column":0},"end":{"line":680,"column":5}},"680":{"start":{"line":681,"column":0},"end":{"line":681,"column":3}},"683":{"start":{"line":684,"column":0},"end":{"line":684,"column":20}},"684":{"start":{"line":685,"column":0},"end":{"line":685,"column":121}},"685":{"start":{"line":686,"column":0},"end":{"line":686,"column":9}},"686":{"start":{"line":687,"column":0},"end":{"line":687,"column":36}},"688":{"start":{"line":689,"column":0},"end":{"line":689,"column":48}},"689":{"start":{"line":690,"column":0},"end":{"line":690,"column":53}},"690":{"start":{"line":691,"column":0},"end":{"line":691,"column":7}},"692":{"start":{"line":693,"column":0},"end":{"line":693,"column":149}},"694":{"start":{"line":695,"column":0},"end":{"line":695,"column":18}},"695":{"start":{"line":696,"column":0},"end":{"line":696,"column":53}},"696":{"start":{"line":697,"column":0},"end":{"line":697,"column":67}},"697":{"start":{"line":698,"column":0},"end":{"line":698,"column":7}},"699":{"start":{"line":700,"column":0},"end":{"line":700,"column":18}},"700":{"start":{"line":701,"column":0},"end":{"line":701,"column":42}},"701":{"start":{"line":702,"column":0},"end":{"line":702,"column":7}},"703":{"start":{"line":704,"column":0},"end":{"line":704,"column":57}},"704":{"start":{"line":705,"column":0},"end":{"line":705,"column":14}},"705":{"start":{"line":706,"column":0},"end":{"line":706,"column":13}},"706":{"start":{"line":707,"column":0},"end":{"line":707,"column":45}},"707":{"start":{"line":708,"column":0},"end":{"line":708,"column":8}},"708":{"start":{"line":709,"column":0},"end":{"line":709,"column":21}},"709":{"start":{"line":710,"column":0},"end":{"line":710,"column":51}},"710":{"start":{"line":711,"column":0},"end":{"line":711,"column":18}},"711":{"start":{"line":712,"column":0},"end":{"line":712,"column":5}},"712":{"start":{"line":713,"column":0},"end":{"line":713,"column":3}},"715":{"start":{"line":716,"column":0},"end":{"line":716,"column":23}},"716":{"start":{"line":717,"column":0},"end":{"line":717,"column":70}},"717":{"start":{"line":718,"column":0},"end":{"line":718,"column":9}},"718":{"start":{"line":719,"column":0},"end":{"line":719,"column":96}},"720":{"start":{"line":721,"column":0},"end":{"line":721,"column":18}},"721":{"start":{"line":722,"column":0},"end":{"line":722,"column":53}},"722":{"start":{"line":723,"column":0},"end":{"line":723,"column":67}},"723":{"start":{"line":724,"column":0},"end":{"line":724,"column":7}},"725":{"start":{"line":726,"column":0},"end":{"line":726,"column":52}},"726":{"start":{"line":727,"column":0},"end":{"line":727,"column":14}},"727":{"start":{"line":728,"column":0},"end":{"line":728,"column":45}},"728":{"start":{"line":729,"column":0},"end":{"line":729,"column":8}},"729":{"start":{"line":730,"column":0},"end":{"line":730,"column":21}},"730":{"start":{"line":731,"column":0},"end":{"line":731,"column":51}},"731":{"start":{"line":732,"column":0},"end":{"line":732,"column":18}},"732":{"start":{"line":733,"column":0},"end":{"line":733,"column":5}},"733":{"start":{"line":734,"column":0},"end":{"line":734,"column":3}},"734":{"start":{"line":735,"column":0},"end":{"line":735,"column":1}}},"s":{"0":0,"1":0,"3":0,"4":0,"5":0,"7":0,"8":0,"9":0,"12":0,"13":0,"14":0,"15":0,"18":0,"20":0,"21":0,"22":0,"23":0,"25":0,"28":0,"29":0,"30":0,"31":0,"32":0,"33":0,"34":0,"35":0,"36":0,"37":0,"38":0,"40":0,"41":0,"42":0,"43":0,"44":0,"45":0,"46":0,"47":0,"48":0,"51":0,"52":0,"53":0,"54":0,"55":0,"56":0,"58":0,"59":0,"60":0,"63":0,"64":0,"65":0,"66":0,"67":0,"68":0,"69":0,"70":0,"71":0,"72":0,"74":0,"75":0,"76":0,"77":0,"80":0,"81":0,"82":0,"83":0,"84":0,"85":0,"86":0,"87":0,"88":0,"89":0,"90":0,"92":0,"93":0,"94":0,"95":0,"96":0,"97":0,"98":0,"99":0,"100":0,"103":0,"104":0,"105":0,"106":0,"107":0,"108":0,"109":0,"112":0,"113":0,"114":0,"115":0,"116":0,"118":0,"119":0,"120":0,"121":0,"123":0,"124":0,"125":0,"126":0,"129":0,"130":0,"131":0,"132":0,"133":0,"134":0,"135":0,"136":0,"137":0,"138":0,"139":0,"141":0,"142":0,"143":0,"144":0,"145":0,"146":0,"147":0,"148":0,"149":0,"152":0,"153":0,"154":0,"156":0,"158":0,"159":0,"160":0,"161":0,"163":0,"164":0,"165":0,"166":0,"167":0,"168":0,"169":0,"170":0,"173":0,"174":0,"175":0,"176":0,"179":0,"180":0,"181":0,"182":0,"183":0,"184":0,"186":0,"188":0,"189":0,"190":0,"191":0,"192":0,"193":0,"194":0,"195":0,"196":0,"198":0,"199":0,"200":0,"201":0,"202":0,"203":0,"204":0,"205":0,"206":0,"209":0,"210":0,"211":0,"212":0,"213":0,"214":0,"216":0,"217":0,"218":0,"219":0,"220":0,"221":0,"222":0,"223":0,"224":0,"225":0,"227":0,"228":0,"229":0,"230":0,"231":0,"232":0,"233":0,"234":0,"235":0,"238":0,"239":0,"240":0,"241":0,"242":0,"243":0,"244":0,"245":0,"246":0,"247":0,"248":0,"249":0,"250":0,"251":0,"252":0,"253":0,"254":0,"255":0,"256":0,"257":0,"258":0,"259":0,"260":0,"261":0,"262":0,"263":0,"264":0,"265":0,"266":0,"267":0,"269":0,"270":0,"271":0,"272":0,"273":0,"274":0,"275":0,"276":0,"277":0,"280":0,"281":0,"282":0,"283":0,"286":0,"288":0,"289":0,"290":0,"292":0,"293":0,"294":0,"295":0,"296":0,"297":0,"298":0,"299":0,"300":0,"302":0,"303":0,"304":0,"305":0,"306":0,"307":0,"308":0,"309":0,"310":0,"313":0,"314":0,"316":0,"317":0,"318":0,"319":0,"320":0,"321":0,"322":0,"323":0,"324":0,"326":0,"327":0,"328":0,"329":0,"330":0,"331":0,"332":0,"333":0,"336":0,"337":0,"338":0,"339":0,"340":0,"341":0,"342":0,"343":0,"344":0,"345":0,"346":0,"347":0,"348":0,"349":0,"350":0,"351":0,"352":0,"353":0,"354":0,"355":0,"356":0,"357":0,"358":0,"359":0,"360":0,"361":0,"362":0,"364":0,"365":0,"366":0,"367":0,"368":0,"369":0,"370":0,"371":0,"372":0,"375":0,"376":0,"377":0,"378":0,"379":0,"380":0,"381":0,"382":0,"383":0,"384":0,"385":0,"386":0,"387":0,"390":0,"391":0,"392":0,"393":0,"396":0,"398":0,"399":0,"400":0,"401":0,"403":0,"404":0,"405":0,"406":0,"407":0,"408":0,"409":0,"410":0,"411":0,"414":0,"415":0,"416":0,"417":0,"419":0,"420":0,"421":0,"422":0,"423":0,"424":0,"425":0,"426":0,"427":0,"428":0,"429":0,"431":0,"433":0,"434":0,"435":0,"436":0,"437":0,"438":0,"439":0,"440":0,"441":0,"442":0,"443":0,"446":0,"447":0,"448":0,"449":0,"451":0,"452":0,"453":0,"454":0,"455":0,"456":0,"457":0,"458":0,"459":0,"460":0,"463":0,"464":0,"465":0,"466":0,"468":0,"469":0,"470":0,"471":0,"472":0,"473":0,"474":0,"475":0,"476":0,"477":0,"480":0,"481":0,"482":0,"483":0,"485":0,"486":0,"487":0,"488":0,"489":0,"490":0,"491":0,"492":0,"493":0,"494":0,"497":0,"498":0,"499":0,"500":0,"502":0,"503":0,"504":0,"505":0,"506":0,"507":0,"508":0,"509":0,"510":0,"511":0,"514":0,"515":0,"516":0,"517":0,"519":0,"520":0,"521":0,"522":0,"523":0,"524":0,"525":0,"526":0,"527":0,"528":0,"531":0,"532":0,"533":0,"534":0,"536":0,"537":0,"538":0,"539":0,"540":0,"541":0,"542":0,"543":0,"544":0,"545":0,"548":0,"549":0,"550":0,"551":0,"553":0,"554":0,"555":0,"556":0,"557":0,"558":0,"559":0,"560":0,"561":0,"562":0,"565":0,"566":0,"567":0,"568":0,"570":0,"571":0,"572":0,"573":0,"574":0,"575":0,"576":0,"577":0,"578":0,"579":0,"582":0,"583":0,"584":0,"585":0,"587":0,"588":0,"589":0,"590":0,"591":0,"592":0,"593":0,"594":0,"595":0,"596":0,"599":0,"600":0,"601":0,"602":0,"605":0,"606":0,"607":0,"608":0,"609":0,"610":0,"611":0,"614":0,"615":0,"617":0,"619":0,"620":0,"621":0,"623":0,"624":0,"626":0,"627":0,"628":0,"629":0,"630":0,"632":0,"633":0,"634":0,"635":0,"636":0,"637":0,"638":0,"639":0,"640":0,"641":0,"643":0,"644":0,"645":0,"646":0,"647":0,"648":0,"651":0,"652":0,"653":0,"654":0,"656":0,"657":0,"658":0,"660":0,"661":0,"662":0,"663":0,"664":0,"666":0,"667":0,"668":0,"669":0,"671":0,"672":0,"673":0,"674":0,"675":0,"676":0,"677":0,"678":0,"679":0,"680":0,"683":0,"684":0,"685":0,"686":0,"688":0,"689":0,"690":0,"692":0,"694":0,"695":0,"696":0,"697":0,"699":0,"700":0,"701":0,"703":0,"704":0,"705":0,"706":0,"707":0,"708":0,"709":0,"710":0,"711":0,"712":0,"715":0,"716":0,"717":0,"718":0,"720":0,"721":0,"722":0,"723":0,"725":0,"726":0,"727":0,"728":0,"729":0,"730":0,"731":0,"732":0,"733":0,"734":0},"branchMap":{"0":{"type":"branch","line":1,"loc":{"start":{"line":1,"column":23286},"end":{"line":735,"column":1}},"locations":[{"start":{"line":1,"column":23286},"end":{"line":735,"column":1}}]}},"b":{"0":[0]},"fnMap":{"0":{"name":"(empty-report)","decl":{"start":{"line":1,"column":23286},"end":{"line":735,"column":1}},"loc":{"start":{"line":1,"column":23286},"end":{"line":735,"column":1}},"line":1}},"f":{"0":0}}
,"/Users/mateuszwlodarczyk/Downloads/projects/boatsStats/packages/backend/src/controllers/AuthController.ts": {"path":"/Users/mateuszwlodarczyk/Downloads/projects/boatsStats/packages/backend/src/controllers/AuthController.ts","all":true,"statementMap":{"0":{"start":{"line":1,"column":0},"end":{"line":1,"column":78}},"1":{"start":{"line":2,"column":0},"end":{"line":2,"column":62}},"2":{"start":{"line":3,"column":0},"end":{"line":3,"column":87}},"3":{"start":{"line":4,"column":0},"end":{"line":4,"column":24}},"37":{"start":{"line":38,"column":0},"end":{"line":38,"column":14}},"38":{"start":{"line":39,"column":0},"end":{"line":39,"column":23}},"39":{"start":{"line":40,"column":0},"end":{"line":40,"column":48}},"40":{"start":{"line":41,"column":0},"end":{"line":41,"column":43}},"42":{"start":{"line":43,"column":0},"end":{"line":43,"column":17}},"43":{"start":{"line":44,"column":0},"end":{"line":44,"column":12}},"44":{"start":{"line":45,"column":0},"end":{"line":45,"column":49}},"45":{"start":{"line":46,"column":0},"end":{"line":46,"column":3}},"50":{"start":{"line":51,"column":0},"end":{"line":51,"column":16}},"51":{"start":{"line":52,"column":0},"end":{"line":52,"column":50}},"52":{"start":{"line":53,"column":0},"end":{"line":53,"column":54}},"53":{"start":{"line":54,"column":0},"end":{"line":54,"column":56}},"54":{"start":{"line":55,"column":0},"end":{"line":55,"column":96}},"55":{"start":{"line":56,"column":0},"end":{"line":56,"column":9}},"57":{"start":{"line":58,"column":0},"end":{"line":58,"column":59}},"60":{"start":{"line":61,"column":0},"end":{"line":61,"column":109}},"62":{"start":{"line":63,"column":0},"end":{"line":63,"column":18}},"63":{"start":{"line":64,"column":0},"end":{"line":64,"column":28}},"64":{"start":{"line":65,"column":0},"end":{"line":65,"column":16}},"65":{"start":{"line":66,"column":0},"end":{"line":66,"column":41}},"66":{"start":{"line":67,"column":0},"end":{"line":67,"column":33}},"67":{"start":{"line":68,"column":0},"end":{"line":68,"column":10}},"68":{"start":{"line":69,"column":0},"end":{"line":69,"column":7}},"70":{"start":{"line":71,"column":0},"end":{"line":71,"column":40}},"71":{"start":{"line":72,"column":0},"end":{"line":72,"column":28}},"72":{"start":{"line":73,"column":0},"end":{"line":73,"column":16}},"73":{"start":{"line":74,"column":0},"end":{"line":74,"column":41}},"74":{"start":{"line":75,"column":0},"end":{"line":75,"column":66}},"75":{"start":{"line":76,"column":0},"end":{"line":76,"column":10}},"76":{"start":{"line":77,"column":0},"end":{"line":77,"column":7}},"78":{"start":{"line":79,"column":0},"end":{"line":79,"column":38}},"79":{"start":{"line":80,"column":0},"end":{"line":80,"column":15}},"80":{"start":{"line":81,"column":0},"end":{"line":81,"column":27}},"81":{"start":{"line":82,"column":0},"end":{"line":82,"column":34}},"82":{"start":{"line":83,"column":0},"end":{"line":83,"column":63}},"83":{"start":{"line":84,"column":0},"end":{"line":84,"column":61}},"84":{"start":{"line":85,"column":0},"end":{"line":85,"column":69}},"85":{"start":{"line":86,"column":0},"end":{"line":86,"column":10}},"86":{"start":{"line":87,"column":0},"end":{"line":87,"column":18}},"87":{"start":{"line":88,"column":0},"end":{"line":88,"column":50}},"88":{"start":{"line":89,"column":0},"end":{"line":89,"column":52}},"89":{"start":{"line":90,"column":0},"end":{"line":90,"column":47}},"90":{"start":{"line":91,"column":0},"end":{"line":91,"column":10}},"91":{"start":{"line":92,"column":0},"end":{"line":92,"column":8}},"93":{"start":{"line":94,"column":0},"end":{"line":94,"column":26}},"94":{"start":{"line":95,"column":0},"end":{"line":95,"column":22}},"95":{"start":{"line":96,"column":0},"end":{"line":96,"column":21}},"96":{"start":{"line":97,"column":0},"end":{"line":97,"column":40}},"97":{"start":{"line":98,"column":0},"end":{"line":98,"column":28}},"98":{"start":{"line":99,"column":0},"end":{"line":99,"column":16}},"99":{"start":{"line":100,"column":0},"end":{"line":100,"column":36}},"100":{"start":{"line":101,"column":0},"end":{"line":101,"column":65}},"101":{"start":{"line":102,"column":0},"end":{"line":102,"column":10}},"102":{"start":{"line":103,"column":0},"end":{"line":103,"column":7}},"104":{"start":{"line":105,"column":0},"end":{"line":105,"column":26}},"105":{"start":{"line":106,"column":0},"end":{"line":106,"column":14}},"106":{"start":{"line":107,"column":0},"end":{"line":107,"column":39}},"107":{"start":{"line":108,"column":0},"end":{"line":108,"column":48}},"108":{"start":{"line":109,"column":0},"end":{"line":109,"column":8}},"109":{"start":{"line":110,"column":0},"end":{"line":110,"column":5}},"110":{"start":{"line":111,"column":0},"end":{"line":111,"column":3}},"115":{"start":{"line":116,"column":0},"end":{"line":116,"column":19}},"116":{"start":{"line":117,"column":0},"end":{"line":117,"column":57}},"117":{"start":{"line":118,"column":0},"end":{"line":118,"column":48}},"118":{"start":{"line":119,"column":0},"end":{"line":119,"column":54}},"119":{"start":{"line":120,"column":0},"end":{"line":120,"column":102}},"120":{"start":{"line":121,"column":0},"end":{"line":121,"column":9}},"122":{"start":{"line":123,"column":0},"end":{"line":123,"column":62}},"125":{"start":{"line":126,"column":0},"end":{"line":126,"column":110}},"126":{"start":{"line":127,"column":0},"end":{"line":127,"column":49}},"127":{"start":{"line":128,"column":0},"end":{"line":128,"column":47}},"128":{"start":{"line":129,"column":0},"end":{"line":129,"column":9}},"130":{"start":{"line":131,"column":0},"end":{"line":131,"column":18}},"131":{"start":{"line":132,"column":0},"end":{"line":132,"column":28}},"132":{"start":{"line":133,"column":0},"end":{"line":133,"column":16}},"133":{"start":{"line":134,"column":0},"end":{"line":134,"column":39}},"134":{"start":{"line":135,"column":0},"end":{"line":135,"column":33}},"135":{"start":{"line":136,"column":0},"end":{"line":136,"column":10}},"136":{"start":{"line":137,"column":0},"end":{"line":137,"column":7}},"138":{"start":{"line":139,"column":0},"end":{"line":139,"column":23}},"139":{"start":{"line":140,"column":0},"end":{"line":140,"column":28}},"140":{"start":{"line":141,"column":0},"end":{"line":141,"column":16}},"141":{"start":{"line":142,"column":0},"end":{"line":142,"column":39}},"142":{"start":{"line":143,"column":0},"end":{"line":143,"column":43}},"143":{"start":{"line":144,"column":0},"end":{"line":144,"column":10}},"144":{"start":{"line":145,"column":0},"end":{"line":145,"column":7}},"146":{"start":{"line":147,"column":0},"end":{"line":147,"column":38}},"147":{"start":{"line":148,"column":0},"end":{"line":148,"column":15}},"148":{"start":{"line":149,"column":0},"end":{"line":149,"column":27}},"149":{"start":{"line":150,"column":0},"end":{"line":150,"column":34}},"150":{"start":{"line":151,"column":0},"end":{"line":151,"column":84}},"151":{"start":{"line":152,"column":0},"end":{"line":152,"column":81}},"152":{"start":{"line":153,"column":0},"end":{"line":153,"column":69}},"153":{"start":{"line":154,"column":0},"end":{"line":154,"column":10}},"154":{"start":{"line":155,"column":0},"end":{"line":155,"column":29}},"155":{"start":{"line":156,"column":0},"end":{"line":156,"column":13}},"156":{"start":{"line":157,"column":0},"end":{"line":157,"column":54}},"157":{"start":{"line":158,"column":0},"end":{"line":158,"column":56}},"158":{"start":{"line":159,"column":0},"end":{"line":159,"column":51}},"159":{"start":{"line":160,"column":0},"end":{"line":160,"column":13}},"160":{"start":{"line":161,"column":0},"end":{"line":161,"column":13}},"161":{"start":{"line":162,"column":0},"end":{"line":162,"column":31}},"162":{"start":{"line":163,"column":0},"end":{"line":163,"column":32}},"163":{"start":{"line":164,"column":0},"end":{"line":164,"column":28}},"164":{"start":{"line":165,"column":0},"end":{"line":165,"column":14}},"165":{"start":{"line":166,"column":0},"end":{"line":166,"column":8}},"167":{"start":{"line":168,"column":0},"end":{"line":168,"column":26}},"168":{"start":{"line":169,"column":0},"end":{"line":169,"column":22}},"169":{"start":{"line":170,"column":0},"end":{"line":170,"column":21}},"170":{"start":{"line":171,"column":0},"end":{"line":171,"column":40}},"171":{"start":{"line":172,"column":0},"end":{"line":172,"column":28}},"172":{"start":{"line":173,"column":0},"end":{"line":173,"column":16}},"173":{"start":{"line":174,"column":0},"end":{"line":174,"column":36}},"174":{"start":{"line":175,"column":0},"end":{"line":175,"column":65}},"175":{"start":{"line":176,"column":0},"end":{"line":176,"column":10}},"176":{"start":{"line":177,"column":0},"end":{"line":177,"column":7}},"178":{"start":{"line":179,"column":0},"end":{"line":179,"column":26}},"179":{"start":{"line":180,"column":0},"end":{"line":180,"column":14}},"180":{"start":{"line":181,"column":0},"end":{"line":181,"column":39}},"181":{"start":{"line":182,"column":0},"end":{"line":182,"column":48}},"182":{"start":{"line":183,"column":0},"end":{"line":183,"column":8}},"183":{"start":{"line":184,"column":0},"end":{"line":184,"column":5}},"184":{"start":{"line":185,"column":0},"end":{"line":185,"column":3}},"189":{"start":{"line":190,"column":0},"end":{"line":190,"column":26}},"190":{"start":{"line":191,"column":0},"end":{"line":191,"column":66}},"191":{"start":{"line":192,"column":0},"end":{"line":192,"column":48}},"192":{"start":{"line":193,"column":0},"end":{"line":193,"column":117}},"193":{"start":{"line":194,"column":0},"end":{"line":194,"column":9}},"194":{"start":{"line":195,"column":0},"end":{"line":195,"column":88}},"195":{"start":{"line":196,"column":0},"end":{"line":196,"column":28}},"196":{"start":{"line":197,"column":0},"end":{"line":197,"column":16}},"197":{"start":{"line":198,"column":0},"end":{"line":198,"column":33}},"198":{"start":{"line":199,"column":0},"end":{"line":199,"column":58}},"199":{"start":{"line":200,"column":0},"end":{"line":200,"column":10}},"200":{"start":{"line":201,"column":0},"end":{"line":201,"column":7}},"203":{"start":{"line":204,"column":0},"end":{"line":204,"column":90}},"205":{"start":{"line":206,"column":0},"end":{"line":206,"column":18}},"206":{"start":{"line":207,"column":0},"end":{"line":207,"column":28}},"207":{"start":{"line":208,"column":0},"end":{"line":208,"column":16}},"208":{"start":{"line":209,"column":0},"end":{"line":209,"column":40}},"209":{"start":{"line":210,"column":0},"end":{"line":210,"column":33}},"210":{"start":{"line":211,"column":0},"end":{"line":211,"column":10}},"211":{"start":{"line":212,"column":0},"end":{"line":212,"column":7}},"213":{"start":{"line":214,"column":0},"end":{"line":214,"column":26}},"214":{"start":{"line":215,"column":0},"end":{"line":215,"column":14}},"215":{"start":{"line":216,"column":0},"end":{"line":216,"column":58}},"216":{"start":{"line":217,"column":0},"end":{"line":217,"column":8}},"217":{"start":{"line":218,"column":0},"end":{"line":218,"column":21}},"218":{"start":{"line":219,"column":0},"end":{"line":219,"column":26}},"219":{"start":{"line":220,"column":0},"end":{"line":220,"column":14}},"220":{"start":{"line":221,"column":0},"end":{"line":221,"column":39}},"221":{"start":{"line":222,"column":0},"end":{"line":222,"column":55}},"222":{"start":{"line":223,"column":0},"end":{"line":223,"column":8}},"223":{"start":{"line":224,"column":0},"end":{"line":224,"column":5}},"224":{"start":{"line":225,"column":0},"end":{"line":225,"column":3}},"229":{"start":{"line":230,"column":0},"end":{"line":230,"column":25}},"230":{"start":{"line":231,"column":0},"end":{"line":231,"column":66}},"231":{"start":{"line":232,"column":0},"end":{"line":232,"column":60}},"232":{"start":{"line":233,"column":0},"end":{"line":233,"column":134}},"233":{"start":{"line":234,"column":0},"end":{"line":234,"column":9}},"234":{"start":{"line":235,"column":0},"end":{"line":235,"column":56}},"235":{"start":{"line":236,"column":0},"end":{"line":236,"column":28}},"236":{"start":{"line":237,"column":0},"end":{"line":237,"column":16}},"237":{"start":{"line":238,"column":0},"end":{"line":238,"column":34}},"238":{"start":{"line":239,"column":0},"end":{"line":239,"column":53}},"239":{"start":{"line":240,"column":0},"end":{"line":240,"column":10}},"240":{"start":{"line":241,"column":0},"end":{"line":241,"column":7}},"243":{"start":{"line":244,"column":0},"end":{"line":244,"column":44}},"244":{"start":{"line":245,"column":0},"end":{"line":245,"column":28}},"245":{"start":{"line":246,"column":0},"end":{"line":246,"column":16}},"246":{"start":{"line":247,"column":0},"end":{"line":247,"column":33}},"247":{"start":{"line":248,"column":0},"end":{"line":248,"column":65}},"248":{"start":{"line":249,"column":0},"end":{"line":249,"column":10}},"249":{"start":{"line":250,"column":0},"end":{"line":250,"column":7}},"252":{"start":{"line":253,"column":0},"end":{"line":253,"column":113}},"254":{"start":{"line":255,"column":0},"end":{"line":255,"column":18}},"255":{"start":{"line":256,"column":0},"end":{"line":256,"column":28}},"256":{"start":{"line":257,"column":0},"end":{"line":257,"column":16}},"257":{"start":{"line":258,"column":0},"end":{"line":258,"column":41}},"258":{"start":{"line":259,"column":0},"end":{"line":259,"column":33}},"259":{"start":{"line":260,"column":0},"end":{"line":260,"column":10}},"260":{"start":{"line":261,"column":0},"end":{"line":261,"column":7}},"262":{"start":{"line":263,"column":0},"end":{"line":263,"column":26}},"263":{"start":{"line":264,"column":0},"end":{"line":264,"column":14}},"264":{"start":{"line":265,"column":0},"end":{"line":265,"column":47}},"265":{"start":{"line":266,"column":0},"end":{"line":266,"column":8}},"266":{"start":{"line":267,"column":0},"end":{"line":267,"column":21}},"267":{"start":{"line":268,"column":0},"end":{"line":268,"column":26}},"268":{"start":{"line":269,"column":0},"end":{"line":269,"column":14}},"269":{"start":{"line":270,"column":0},"end":{"line":270,"column":39}},"270":{"start":{"line":271,"column":0},"end":{"line":271,"column":44}},"271":{"start":{"line":272,"column":0},"end":{"line":272,"column":8}},"272":{"start":{"line":273,"column":0},"end":{"line":273,"column":5}},"273":{"start":{"line":274,"column":0},"end":{"line":274,"column":3}},"278":{"start":{"line":279,"column":0},"end":{"line":279,"column":17}},"279":{"start":{"line":280,"column":0},"end":{"line":280,"column":58}},"280":{"start":{"line":281,"column":0},"end":{"line":281,"column":55}},"282":{"start":{"line":283,"column":0},"end":{"line":283,"column":59}},"284":{"start":{"line":285,"column":0},"end":{"line":285,"column":16}},"285":{"start":{"line":286,"column":0},"end":{"line":286,"column":44}},"286":{"start":{"line":287,"column":0},"end":{"line":287,"column":5}},"288":{"start":{"line":289,"column":0},"end":{"line":289,"column":24}},"289":{"start":{"line":290,"column":0},"end":{"line":290,"column":12}},"290":{"start":{"line":291,"column":0},"end":{"line":291,"column":41}},"291":{"start":{"line":292,"column":0},"end":{"line":292,"column":6}},"292":{"start":{"line":293,"column":0},"end":{"line":293,"column":3}},"297":{"start":{"line":298,"column":0},"end":{"line":298,"column":18}},"298":{"start":{"line":299,"column":0},"end":{"line":299,"column":69}},"299":{"start":{"line":300,"column":0},"end":{"line":300,"column":48}},"300":{"start":{"line":301,"column":0},"end":{"line":301,"column":47}},"301":{"start":{"line":302,"column":0},"end":{"line":302,"column":29}},"302":{"start":{"line":303,"column":0},"end":{"line":303,"column":65}},"303":{"start":{"line":304,"column":0},"end":{"line":304,"column":28}},"304":{"start":{"line":305,"column":0},"end":{"line":305,"column":51}},"305":{"start":{"line":306,"column":0},"end":{"line":306,"column":9}},"306":{"start":{"line":307,"column":0},"end":{"line":307,"column":60}},"307":{"start":{"line":308,"column":0},"end":{"line":308,"column":28}},"308":{"start":{"line":309,"column":0},"end":{"line":309,"column":16}},"309":{"start":{"line":310,"column":0},"end":{"line":310,"column":34}},"310":{"start":{"line":311,"column":0},"end":{"line":311,"column":76}},"311":{"start":{"line":312,"column":0},"end":{"line":312,"column":10}},"312":{"start":{"line":313,"column":0},"end":{"line":313,"column":7}},"315":{"start":{"line":316,"column":0},"end":{"line":316,"column":55}},"316":{"start":{"line":317,"column":0},"end":{"line":317,"column":61}},"317":{"start":{"line":318,"column":0},"end":{"line":318,"column":28}},"318":{"start":{"line":319,"column":0},"end":{"line":319,"column":16}},"319":{"start":{"lin
[...]
olumn":45},"end":{"line":49,"column":58}},"locations":[{"start":{"line":49,"column":45},"end":{"line":49,"column":58}}]},"3":{"type":"branch","line":49,"loc":{"start":{"line":49,"column":52},"end":{"line":50,"column":42}},"locations":[{"start":{"line":49,"column":52},"end":{"line":50,"column":42}}]},"4":{"type":"branch","line":50,"loc":{"start":{"line":50,"column":35},"end":{"line":50,"column":48}},"locations":[{"start":{"line":50,"column":35},"end":{"line":50,"column":48}}]},"5":{"type":"branch","line":50,"loc":{"start":{"line":50,"column":42},"end":{"line":57,"column":40}},"locations":[{"start":{"line":50,"column":42},"end":{"line":57,"column":40}}]},"6":{"type":"branch","line":57,"loc":{"start":{"line":57,"column":35},"end":{"line":57,"column":68}},"locations":[{"start":{"line":57,"column":35},"end":{"line":57,"column":68}}]},"7":{"type":"branch","line":57,"loc":{"start":{"line":57,"column":68},"end":{"line":57,"column":81}},"locations":[{"start":{"line":57,"column":68},"end":{"line":57,"column":81}}]},"8":{"type":"branch","line":57,"loc":{"start":{"line":57,"column":75},"end":{"line":58,"column":44}},"locations":[{"start":{"line":57,"column":75},"end":{"line":58,"column":44}}]},"9":{"type":"branch","line":58,"loc":{"start":{"line":58,"column":37},"end":{"line":58,"column":50}},"locations":[{"start":{"line":58,"column":37},"end":{"line":58,"column":50}}]},"10":{"type":"branch","line":58,"loc":{"start":{"line":58,"column":44},"end":{"line":59,"column":43}},"locations":[{"start":{"line":58,"column":44},"end":{"line":59,"column":43}}]},"11":{"type":"branch","line":59,"loc":{"start":{"line":59,"column":36},"end":{"line":59,"column":49}},"locations":[{"start":{"line":59,"column":36},"end":{"line":59,"column":49}}]},"12":{"type":"branch","line":59,"loc":{"start":{"line":59,"column":43},"end":{"line":60,"column":36}},"locations":[{"start":{"line":59,"column":43},"end":{"line":60,"column":36}}]},"13":{"type":"branch","line":60,"loc":{"start":{"line":60,"column":29},"end":{"line":60,"column":80}},"locations":[{"start":{"line":60,"column":29},"end":{"line":60,"column":80}}]},"14":{"type":"branch","line":60,"loc":{"start":{"line":60,"column":36},"end":{"line":62,"column":41}},"locations":[{"start":{"line":60,"column":36},"end":{"line":62,"column":41}}]},"15":{"type":"branch","line":66,"loc":{"start":{"line":66,"column":2},"end":{"line":77,"column":4}},"locations":[{"start":{"line":66,"column":2},"end":{"line":77,"column":4}}]},"16":{"type":"branch","line":67,"loc":{"start":{"line":67,"column":9},"end":{"line":67,"column":51}},"locations":[{"start":{"line":67,"column":9},"end":{"line":67,"column":51}}]},"17":{"type":"branch","line":67,"loc":{"start":{"line":67,"column":51},"end":{"line":67,"column":64}},"locations":[{"start":{"line":67,"column":51},"end":{"line":67,"column":64}}]},"18":{"type":"branch","line":67,"loc":{"start":{"line":67,"column":58},"end":{"line":68,"column":36}},"locations":[{"start":{"line":67,"column":58},"end":{"line":68,"column":36}}]},"19":{"type":"branch","line":68,"loc":{"start":{"line":68,"column":29},"end":{"line":68,"column":42}},"locations":[{"start":{"line":68,"column":29},"end":{"line":68,"column":42}}]},"20":{"type":"branch","line":68,"loc":{"start":{"line":68,"column":36},"end":{"line":76,"column":27}},"locations":[{"start":{"line":68,"column":36},"end":{"line":76,"column":27}}]},"21":{"type":"branch","line":76,"loc":{"start":{"line":76,"column":11},"end":{"line":76,"column":43}},"locations":[{"start":{"line":76,"column":11},"end":{"line":76,"column":43}}]},"22":{"type":"branch","line":76,"loc":{"start":{"line":76,"column":27},"end":{"line":76,"column":56}},"locations":[{"start":{"line":76,"column":27},"end":{"line":76,"column":56}}]},"23":{"type":"branch","line":76,"loc":{"start":{"line":76,"column":43},"end":{"line":76,"column":71}},"locations":[{"start":{"line":76,"column":43},"end":{"line":76,"column":71}}]},"24":{"type":"branch","line":80,"loc":{"start":{"line":80,"column":2},"end":{"line":100,"column":4}},"locations":[{"start":{"line":80,"column":2},"end":{"line":100,"column":4}}]},"25":{"type":"branch","line":81,"loc":{"start":{"line":81,"column":51},"end":{"line":81,"column":65}},"locations":[{"start":{"line":81,"column":51},"end":{"line":81,"column":65}}]},"26":{"type":"branch","line":87,"loc":{"start":{"line":87,"column":30},"end":{"line":87,"column":41}},"locations":[{"start":{"line":87,"column":30},"end":{"line":87,"column":41}}]},"27":{"type":"branch","line":88,"loc":{"start":{"line":88,"column":31},"end":{"line":88,"column":42}},"locations":[{"start":{"line":88,"column":31},"end":{"line":88,"column":42}}]},"28":{"type":"branch","line":91,"loc":{"start":{"line":91,"column":32},"end":{"line":91,"column":43}},"locations":[{"start":{"line":91,"column":32},"end":{"line":91,"column":43}}]},"29":{"type":"branch","line":92,"loc":{"start":{"line":92,"column":32},"end":{"line":92,"column":43}},"locations":[{"start":{"line":92,"column":32},"end":{"line":92,"column":43}}]},"30":{"type":"branch","line":93,"loc":{"start":{"line":93,"column":29},"end":{"line":93,"column":40}},"locations":[{"start":{"line":93,"column":29},"end":{"line":93,"column":40}}]},"31":{"type":"branch","line":94,"loc":{"start":{"line":94,"column":49},"end":{"line":94,"column":60}},"locations":[{"start":{"line":94,"column":49},"end":{"line":94,"column":60}}]},"32":{"type":"branch","line":96,"loc":{"start":{"line":96,"column":20},"end":{"line":96,"column":34}},"locations":[{"start":{"line":96,"column":20},"end":{"line":96,"column":34}}]},"33":{"type":"branch","line":96,"loc":{"start":{"line":96,"column":27},"end":{"line":97,"column":27}},"locations":[{"start":{"line":96,"column":27},"end":{"line":97,"column":27}}]},"34":{"type":"branch","line":97,"loc":{"start":{"line":97,"column":20},"end":{"line":97,"column":36}},"locations":[{"start":{"line":97,"column":20},"end":{"line":97,"column":36}}]},"35":{"type":"branch","line":97,"loc":{"start":{"line":97,"column":27},"end":{"line":98,"column":27}},"locations":[{"start":{"line":97,"column":27},"end":{"line":98,"column":27}}]},"36":{"type":"branch","line":98,"loc":{"start":{"line":98,"column":20},"end":{"line":98,"column":36}},"locations":[{"start":{"line":98,"column":20},"end":{"line":98,"column":36}}]},"37":{"type":"branch","line":98,"loc":{"start":{"line":98,"column":27},"end":{"line":99,"column":25}},"locations":[{"start":{"line":98,"column":27},"end":{"line":99,"column":25}}]},"38":{"type":"branch","line":103,"loc":{"start":{"line":103,"column":2},"end":{"line":130,"column":4}},"locations":[{"start":{"line":103,"column":2},"end":{"line":130,"column":4}}]},"39":{"type":"branch","line":104,"loc":{"start":{"line":104,"column":45},"end":{"line":104,"column":55}},"locations":[{"start":{"line":104,"column":45},"end":{"line":104,"column":55}}]},"40":{"type":"branch","line":116,"loc":{"start":{"line":116,"column":57},"end":{"line":118,"column":5}},"locations":[{"start":{"line":116,"column":57},"end":{"line":118,"column":5}}]},"41":{"type":"branch","line":119,"loc":{"start":{"line":119,"column":60},"end":{"line":121,"column":5}},"locations":[{"start":{"line":119,"column":60},"end":{"line":121,"column":5}}]},"42":{"type":"branch","line":122,"loc":{"start":{"line":122,"column":66},"end":{"line":124,"column":5}},"locations":[{"start":{"line":122,"column":66},"end":{"line":124,"column":5}}]},"43":{"type":"branch","line":125,"loc":{"start":{"line":125,"column":66},"end":{"line":127,"column":5}},"locations":[{"start":{"line":125,"column":66},"end":{"line":127,"column":5}}]},"44":{"type":"branch","line":133,"loc":{"start":{"line":133,"column":2},"end":{"line":141,"column":4}},"locations":[{"start":{"line":133,"column":2},"end":{"line":141,"column":4}}]},"45":{"type":"branch","line":134,"loc":{"start":{"line":134,"column":9},"end":{"line":134,"column":43}},"locations":[{"start":{"line":134,"column":9},"end":{"line":134,"column":43}}]},"46":{"type":"branch","line":134,"loc":{"start":{"line":134,"column":43},"end":{"line":134,"column":56}},"locations":[{"start":{"line":134,"column":43},"end":{"line":134,"column":56}}]},"47":{"type":"branch","line":134,"loc":{"start":{"line":134,"column":50},"end":{"line":135,"column":39}},"locations":[{"start":{"line":134,"column":50},"end":{"line":135,"column":39}}]},"48":{"type":"branch","line":135,"loc":{"start":{"line":135,"column":32},"end":{"line":135,"column":45}},"locations":[{"start":{"line":135,"column":32},"end":{"line":135,"column":45}}]},"49":{"type":"branch","line":135,"loc":{"start":{"line":135,"column":39},"end":{"line":136,"column":34}},"locations":[{"start":{"line":135,"column":39},"end":{"line":136,"column":34}}]},"50":{"type":"branch","line":136,"loc":{"start":{"line":136,"column":27},"end":{"line":136,"column":40}},"locations":[{"start":{"line":136,"column":27},"end":{"line":136,"column":40}}]},"51":{"type":"branch","line":136,"loc":{"start":{"line":136,"column":34},"end":{"line":140,"column":38}},"locations":[{"start":{"line":136,"column":34},"end":{"line":140,"column":38}}]},"52":{"type":"branch","line":143,"loc":{"start":{"line":143,"column":2},"end":{"line":149,"column":4}},"locations":[{"start":{"line":143,"column":2},"end":{"line":149,"column":4}}]},"53":{"type":"branch","line":144,"loc":{"start":{"line":144,"column":35},"end":{"line":144,"column":48}},"locations":[{"start":{"line":144,"column":35},"end":{"line":144,"column":48}}]},"54":{"type":"branch","line":144,"loc":{"start":{"line":144,"column":42},"end":{"line":145,"column":29}},"locations":[{"start":{"line":144,"column":42},"end":{"line":145,"column":29}}]},"55":{"type":"branch","line":145,"loc":{"start":{"line":145,"column":22},"end":{"line":145,"column":35}},"locations":[{"start":{"line":145,"column":22},"end":{"line":145,"column":35}}]},"56":{"type":"branch","line":145,"loc":{"start":{"line":145,"column":29},"end":{"line":146,"column":26}},"locations":[{"start":{"line":145,"column":29},"end":{"line":146,"column":26}}]},"57":{"type":"branch","line":146,"loc":{"start":{"line":146,"column":19},"end":{"line":146,"column":32}},"locations":[{"start":{"line":146,"column":19},"end":{"line":146,"column":32}}]},"58":{"type":"branch","line":146,"loc":{"start":{"line":146,"column":26},"end":{"line":147,"column":32}},"locations":[{"start":{"line":146,"column":26},"end":{"line":147,"column":32}}]},"59":{"type":"branch","line":147,"loc":{"start":{"line":147,"column":25},"end":{"line":147,"column":64}},"locations":[{"start":{"line":147,"column":25},"end":{"line":147,"column":64}}]},"60":{"type":"branch","line":147,"loc":{"start":{"line":147,"column":32},"end":{"line":148,"column":16}},"locations":[{"start":{"line":147,"column":32},"end":{"line":148,"column":16}}]},"61":{"type":"branch","line":151,"loc":{"start":{"line":151,"column":2},"end":{"line":157,"column":4}},"locations":[{"start":{"line":151,"column":2},"end":{"line":157,"column":4}}]},"62":{"type":"branch","line":152,"loc":{"start":{"line":152,"column":38},"end":{"line":152,"column":51}},"locations":[{"start":{"line":152,"column":38},"end":{"line":152,"column":51}}]},"63":{"type":"branch","line":152,"loc":{"start":{"line":152,"column":45},"end":{"line":153,"column":32}},"locations":[{"start":{"line":152,"column":45},"end":{"line":153,"column":32}}]},"64":{"type":"branch","line":153,"loc":{"start":{"line":153,"column":25},"end":{"line":153,"column":38}},"locations":[{"start":{"line":153,"column":25},"end":{"line":153,"column":38}}]},"65":{"type":"branch","line":153,"loc":{"start":{"line":153,"column":32},"end":{"line":154,"column":29}},"locations":[{"start":{"line":153,"column":32},"end":{"line":154,"column":29}}]},"66":{"type":"branch","line":154,"loc":{"start":{"line":154,"column":22},"end":{"line":154,"column":35}},"locations":[{"start":{"line":154,"column":22},"end":{"line":154,"column":35}}]},"67":{"type":"branch","line":154,"loc":{"start":{"line":154,"column":29},"end":{"line":155,"column":31}},"locations":[{"start":{"line":154,"column":29},"end":{"line":155,"column":31}}]},"68":{"type":"branch","line":155,"loc":{"start":{"line":155,"column":24},"end":{"line":155,"column":63}},"locations":[{"start":{"line":155,"column":24},"end":{"line":155,"column":63}}]},"69":{"type":"branch","line":155,"loc":{"start":{"line":155,"column":31},"end":{"line":156,"column":16}},"locations":[{"start":{"line":155,"column":31},"end":{"line":156,"column":16}}]},"70":{"type":"branch","line":160,"loc":{"start":{"line":160,"column":2},"end":{"line":177,"column":4}},"locations":[{"start":{"line":160,"column":2},"end":{"line":177,"column":4}}]},"71":{"type":"branch","line":161,"loc":{"start":{"line":161,"column":9},"end":{"line":161,"column":55}},"locations":[{"start":{"line":161,"column":9},"end":{"line":161,"column":55}}]},"72":{"type":"branch","line":161,"loc":{"start":{"line":161,"column":55},"end":{"line":161,"column":68}},"locations":[{"start":{"line":161,"column":55},"end":{"line":161,"column":68}}]},"73":{"type":"branch","line":161,"loc":{"start":{"line":161,"column":62},"end":{"line":165,"column":44}},"locations":[{"start":{"line":161,"column":62},"end":{"line":165,"column":44}}]},"74":{"type":"branch","line":165,"loc":{"start":{"line":165,"column":37},"end":{"line":165,"column":50}},"locations":[{"start":{"line":165,"column":37},"end":{"line":165,"column":50}}]},"75":{"type":"branch","line":165,"loc":{"start":{"line":165,"column":44},"end":{"line":168,"column":38}},"locations":[{"start":{"line":165,"column":44},"end":{"line":168,"column":38}}]},"76":{"type":"branch","line":168,"loc":{"start":{"line":168,"column":31},"end":{"line":168,"column":44}},"locations":[{"start":{"line":168,"column":31},"end":{"line":168,"column":44}}]},"77":{"type":"branch","line":168,"loc":{"start":{"line":168,"column":38},"end":{"line":176,"column":44}},"locations":[{"start":{"line":168,"column":38},"end":{"line":176,"column":44}}]},"78":{"type":"branch","line":179,"loc":{"start":{"line":179,"column":2},"end":{"line":186,"column":4}},"locations":[{"start":{"line":179,"column":2},"end":{"line":186,"column":4}}]},"79":{"type":"branch","line":180,"loc":{"start":{"line":180,"column":35},"end":{"line":180,"column":68}},"locations":[{"start":{"line":180,"column":35},"end":{"line":180,"column":68}}]},"80":{"type":"branch","line":180,"loc":{"start":{"line":180,"column":68},"end":{"line":180,"column":81}},"locations":[{"start":{"line":180,"column":68},"end":{"line":180,"column":81}}]},"81":{"type":"branch","line":180,"loc":{"start":{"line":180,"column":75},"end":{"line":185,"column":23}},"locations":[{"start":{"line":180,"column":75},"end":{"line":185,"column":23}}]},"82":{"type":"branch","line":189,"loc":{"start":{"line":189,"column":2},"end":{"line":197,"column":4}},"locations":[{"start":{"line":189,"column":2},"end":{"line":197,"column":4}}]},"83":{"type":"branch","line":190,"loc":{"start":{"line":190,"column":9},"end":{"line":190,"column":45}},"locations":[{"start":{"line":190,"column":9},"end":{"line":190,"column":45}}]},"84":{"type":"branch","line":190,"loc":{"start":{"line":190,"column":45},"end":{"line":190,"column":58}},"locations":[{"start":{"line":190,"column":45},"end":{"line":190,"column":58}}]},"85":{"type":"branch","line":190,"loc":{"start":{"line":190,"column":52},"end":{"line":191,"column":40}},"locations":[{"start":{"line":190,"column":52},"end":{"line":191,"column":40}}]},"86":{"type":"branch","line":191,"loc":{"start":{"line":191,"column":33},"end":{"line":191,"column":46}},"locations":[{"start":{"line":191,"column":33},"end":{"line":191,"column":46}}]},"87":{"type":"branch","line":191,"loc":{"start":{"line":191,"column":40},"end":{"line":192,"column":35}},"locations":[{"start":{"line":191,"column":40},"end":{"line":192,"column":35}}]},"88":{"type":"branch","line":192,"loc":{"start":{"line":192,"column":28},"end":{"line":192,"column":41}},"locations":[{"start":{"line":192,"column":28},"end":{"line":192,"column":41}}]},"89":{"type":"branch","line":192,"loc":{"start":{"line":192,"column":35},"end":{"line":196,"column":39}},"locations":[{"start":{"line":192,"column":35},"end":{"line":196,"column":39}}]},"90":{"type":"branch","line":199,"loc":{"start":{"line":199,"column":2},"end":{"line":208,"column":4}},"locations":[{"start":{"line":199,"column":2},"end":{"line":208,"column":4}}]},"91":{"type":"branch","line":200,"loc":{"start":{"line":200,"column":45},"end":{"line":200,"column":55}},"locations":[{"start":{"line":200,"column":45},"end":{"line":200,"column":55}}]}},"b":{"0":[1031],"1":[1025],"2":[13],"3":[1018],"4":[0],"5":[1018],"6":[1017],"7":[2],"8":[1016],"9":[1],"10":[1015],"11":[2],"12":[1013],"13":[3],"14":[1010],"15":[28],"16":[24],"17":[8],"18":[20],"19":[5],"20":[15],"21":[9],"22":[8],"23":[6],"24":[6],"25":[0],"26":[5],"27":[2],"28":[5],"29":[4],"30":[4],"31":[2],"32":[2],"33":[4],"34":[1],"35":[3],"36":[1],"37":[2],"38":[10],"39":[0],"40":[1],"41":[1],"42":[1],"43":[1],"44":[21],"45":[15],"46":[10],"47":[11],"48":[1],"49":[10],"50":[1],"51":[9],"52":[15],"53":[5],"54":[10],"55":[0],"56":[10],"57":[3],"58":[7],"59":[1],"60":[6],"61":[15],"62":[5],"63":[10],"64":[0],"65":[10],"66":[3],"67":[7],"68":[1],"69":[6],"70":[29],"71":[24],"72":[5],"73":[24],"74":[5],"75":[19],"76":[2],"77":[17],"78":[7],"79":[6],"80":[2],"81":[5],"82":[26],"83":[20],"84":[10],"85":[16],"86":[3],"87":[13],"88":[1],"89":[12],"90":[5],"91":[0]},"fnMap":{"0":{"name":"createErrorResponse","decl":{"start":{"line":26,"column":35},"end":{"line":29,"column":3}},"loc":{"start":{"line":26,"column":35},"end":{"line":29,"column":3}},"line":26},"1":{"name":"createSuccessResponse","decl":{"start":{"line":32,"column":37},"end":{"line":36,"column":3}},"loc":{"start":{"line":32,"column":37},"end":{"line":36,"column":3}},"line":32},"2":{"name":"createLegacyErrorResponse","decl":{"start":{"line":39,"column":41},"end":{"line":43,"column":3}},"loc":{"start":{"line":39,"column":41},"end":{"line":43,"column":3}},"line":39},"3":{"name":"isValidEmail","decl":{"start":{"line":48,"column":2},"end":{"line":63,"column":4}},"loc":{"start":{"line":48,"column":2},"end":{"line":63,"column":4}},"line":48},"4":{"name":"isValidPassword","decl":{"start":{"line":66,"column":2},"end":{"line":77,"column":4}},"loc":{"start":{"line":66,"column":2},"end":{"line":77,"column":4}},"line":66},"5":{"name":"getPasswordStrength","decl":{"start":{"line":80,"column":2},"end":{"line":100,"column":4}},"loc":{"start":{"line":80,"column":2},"end":{"line":100,"column":4}},"line":80},"6":{"name":"sanitizeInput","decl":{"start":{"line":103,"column":2},"end":{"line":130,"column":4}},"loc":{"start":{"line":103,"column":2},"end":{"line":130,"column":4}},"line":103},"7":{"name":"isValidBoatName","decl":{"start":{"line":133,"column":2},"end":{"line":141,"column":4}},"loc":{"start":{"line":133,"column":2},"end":{"line":141,"column":4}},"line":133},"8":{"name":"isValidPrice","decl":{"start":{"line":143,"column":2},"end":{"line":149,"column":4}},"loc":{"start":{"line":143,"column":2},"end":{"line":149,"column":4}},"line":143},"9":{"name":"isValidCapacity","decl":{"start":{"line":151,"column":2},"end":{"line":157,"column":4}},"loc":{"start":{"line":151,"column":2},"end":{"line":157,"column":4}},"line":151},"10":{"name":"isValidDate","decl":{"start":{"line":160,"column":2},"end":{"line":177,"column":4}},"loc":{"start":{"line":160,"column":2},"end":{"line":177,"column":4}},"line":160},"11":{"name":"isValidDateRange","decl":{"start":{"line":179,"column":2},"end":{"line":186,"column":4}},"loc":{"start":{"line":179,"column":2},"end":{"line":186,"column":4}},"line":179},"12":{"name":"isValidSearchQuery","decl":{"start":{"line":189,"column":2},"end":{"line":197,"column":4}},"loc":{"start":{"line":189,"column":2},"end":{"line":197,"column":4}},"line":189},"13":{"name":"sanitizeSearchQuery","decl":{"start":{"line":199,"column":2},"end":{"line":208,"column":4}},"loc":{"start":{"line":199,"column":2},"end":{"line":208,"column":4}},"line":199}},"f":{"0":0,"1":0,"2":0,"3":1031,"4":28,"5":6,"6":10,"7":21,"8":15,"9":15,"10":29,"11":7,"12":26,"13":5}}
}
